2023-11-23 15:30:00,772 [INFO] Activator:177 - 


2023-11-23 15:30:00,773 [INFO] Activator:178 - !SESSION log4j initialized
2023-11-23 22:18:56,469 [INFO] Activator:176 - 


2023-11-23 22:18:56,471 [INFO] Activator:177 - !SESSION log4j initialized
2023-11-23 22:19:01,192 [INFO] LogOutputStream:77 - [STDOUT_REDIRECT] 
2023-11-23 22:19:03,710 [INFO] ApplicationProperties:184 - Using Application install path: C:\ST\STM32CubeIDE_1.7.0\STM32CubeIDE\plugins\com.st.stm32cube.common.mx_6.10.0.202311202037
2023-11-23 22:19:03,736 [INFO] DbMcusXml:78 - Set database path to: C:\ST\STM32CubeIDE_1.7.0\STM32CubeIDE\plugins\com.st.stm32cube.common.mx_6.10.0.202311202037\\db\/mcu/
2023-11-23 22:19:03,737 [INFO] ApiDb:274 - Set plugin database path to: C:\ST\STM32CubeIDE_1.7.0\STM32CubeIDE\plugins\com.st.stm32cube.common.mx_6.10.0.202311202037\\db\/plugins/boardmanager/
2023-11-23 22:19:03,737 [WARN] ApiDb:259 - Overriding images path with different value:  => C:\ST\STM32CubeIDE_1.7.0\STM32CubeIDE\plugins\com.st.stm32cube.common.mx_6.10.0.202311202037\\db\/plugins/mcufinder/images/
2023-11-23 22:19:05,531 [WARN] ApiFinderProperties:113 - C:\Users\morae\.stmcufinder\plugins\mcufinder\mcu\mcuFinder.mfd doesn't exist
2023-11-23 22:19:05,532 [INFO] ApiDb:250 - Set database path to: C:\Users\morae\.stmcufinder\plugins\mcufinder//mcu/
2023-11-23 22:19:05,534 [INFO] DbMcusAds:125 - Set database path to: C:\Users\morae\.stmcufinder\plugins\mcufinder//mcu/
2023-11-23 22:19:05,537 [INFO] CrossReferenceDbSqlite:203 - Set database path to: C:\Users\morae\.stmcufinder\plugins\mcufinder//mcu/cs/
2023-11-23 22:19:05,667 [INFO] RulesReader:64 - Compatibility file has been processed (297 Rules)
2023-11-23 22:19:05,784 [INFO] DbMcusXml:78 - Set database path to: C:\ST\STM32CubeIDE_1.7.0\STM32CubeIDE\plugins\com.st.stm32cube.common.mx_6.10.0.202311202037\\db\/mcu/
2023-11-23 22:19:05,785 [INFO] ApiDb:274 - Set plugin database path to: C:\ST\STM32CubeIDE_1.7.0\STM32CubeIDE\plugins\com.st.stm32cube.common.mx_6.10.0.202311202037\\db\/plugins/boardmanager/
2023-11-23 22:19:05,785 [INFO] ApiDb:261 - Set plugin images path to: C:\ST\STM32CubeIDE_1.7.0\STM32CubeIDE\plugins\com.st.stm32cube.common.mx_6.10.0.202311202037\\db\/plugins/mcufinder/images/
2023-11-23 22:19:05,788 [WARN] DbFile:41 - Overriding database path with different value: C:\Users\morae\.stmcufinder\plugins\mcufinder/ => C:\Users\morae\.stmcufinder\plugins\mcufinder
2023-11-23 22:19:05,789 [INFO] ApiDb:250 - Set database path to: C:\Users\morae\.stmcufinder\plugins\mcufinder//mcu/
2023-11-23 22:19:05,789 [WARN] DbFile:41 - Overriding database path with different value: C:\Users\morae\.stmcufinder\plugins\mcufinder/ => C:\Users\morae\.stmcufinder\plugins\mcufinder
2023-11-23 22:19:05,789 [INFO] DbMcusAds:125 - Set database path to: C:\Users\morae\.stmcufinder\plugins\mcufinder//mcu/
2023-11-23 22:19:05,789 [WARN] DbFile:41 - Overriding database path with different value: C:\Users\morae\.stmcufinder\plugins\mcufinder/ => C:\Users\morae\.stmcufinder\plugins\mcufinder
2023-11-23 22:19:05,789 [WARN] DbFile:41 - Overriding database path with different value: C:\Users\morae\.stmcufinder\plugins\mcufinder/ => C:\Users\morae\.stmcufinder\plugins\mcufinder
2023-11-23 22:19:05,789 [INFO] CrossReferenceDbSqlite:203 - Set database path to: C:\Users\morae\.stmcufinder\plugins\mcufinder//mcu/cs/
2023-11-23 22:19:05,889 [INFO] MainPanel:264 - HeapMemory: 268435456
2023-11-23 22:19:05,988 [INFO] DbMcusXml:78 - Set database path to: C:\ST\STM32CubeIDE_1.7.0\STM32CubeIDE\plugins\com.st.stm32cube.common.mx_6.10.0.202311202037\\db\/mcu/
2023-11-23 22:19:05,988 [INFO] ApiDb:274 - Set plugin database path to: C:\ST\STM32CubeIDE_1.7.0\STM32CubeIDE\plugins\com.st.stm32cube.common.mx_6.10.0.202311202037\\db\/plugins/boardmanager/
2023-11-23 22:19:05,988 [INFO] ApiDb:261 - Set plugin images path to: C:\ST\STM32CubeIDE_1.7.0\STM32CubeIDE\plugins\com.st.stm32cube.common.mx_6.10.0.202311202037\\db\/plugins/mcufinder/images/
2023-11-23 22:19:05,989 [WARN] DbFile:41 - Overriding database path with different value: C:\Users\morae\.stmcufinder\plugins\mcufinder/ => C:\Users\morae\.stmcufinder\plugins\mcufinder
2023-11-23 22:19:05,989 [INFO] ApiDb:250 - Set database path to: C:\Users\morae\.stmcufinder\plugins\mcufinder//mcu/
2023-11-23 22:19:05,989 [WARN] DbFile:41 - Overriding database path with different value: C:\Users\morae\.stmcufinder\plugins\mcufinder/ => C:\Users\morae\.stmcufinder\plugins\mcufinder
2023-11-23 22:19:05,989 [INFO] DbMcusAds:125 - Set database path to: C:\Users\morae\.stmcufinder\plugins\mcufinder//mcu/
2023-11-23 22:19:05,989 [WARN] DbFile:41 - Overriding database path with different value: C:\Users\morae\.stmcufinder\plugins\mcufinder/ => C:\Users\morae\.stmcufinder\plugins\mcufinder
2023-11-23 22:19:05,989 [WARN] DbFile:41 - Overriding database path with different value: C:\Users\morae\.stmcufinder\plugins\mcufinder/ => C:\Users\morae\.stmcufinder\plugins\mcufinder
2023-11-23 22:19:05,989 [INFO] CrossReferenceDbSqlite:203 - Set database path to: C:\Users\morae\.stmcufinder\plugins\mcufinder//mcu/cs/
2023-11-23 22:19:06,009 [INFO] ApplicationProperties:184 - Using Application install path: C:\ST\STM32CubeIDE_1.7.0\STM32CubeIDE\plugins\com.st.stm32cube.common.mx_6.10.0.202311202037
2023-11-23 22:19:06,011 [INFO] PluginManage:196 - Search for loadable plugins [exclusion list=, ]
2023-11-23 22:19:06,012 [INFO] PluginManage:310 - Check plugin analytics
2023-11-23 22:19:06,235 [INFO] AnalyticsPlugin:253 - Accepted Software Licenses: 
2023-11-23 22:19:06,235 [INFO] AnalyticsPlugin:255 - Accepted CMSIS Pack Licenses: 
2023-11-23 22:19:06,235 [INFO] AnalyticsPlugin:257 - Accepted Firmware Licenses: 
2023-11-23 22:19:06,238 [INFO] PluginManage:359 - Loaded plugin analytics (category:tool,tabindex:-1)
2023-11-23 22:19:06,239 [INFO] PluginManage:310 - Check plugin cadmodel
2023-11-23 22:19:06,246 [INFO] CADModel:105 - Init CAD model plugin
2023-11-23 22:19:06,246 [INFO] PluginManage:359 - Loaded plugin cadmodel (category:power,tabindex:5)
2023-11-23 22:19:06,246 [INFO] PluginManage:310 - Check plugin clock
2023-11-23 22:19:06,260 [INFO] PluginManage:359 - Loaded plugin clock (category:base,tabindex:2)
2023-11-23 22:19:06,260 [INFO] PluginManage:310 - Check plugin ddr
2023-11-23 22:19:06,264 [INFO] PluginManage:359 - Loaded plugin ddr (category:tool,tabindex:6)
2023-11-23 22:19:06,265 [INFO] PluginManage:310 - Check plugin filemanager
2023-11-23 22:19:06,435 [INFO] PluginManage:359 - Loaded plugin filemanager (category:base,tabindex:10)
2023-11-23 22:19:06,436 [INFO] PluginManage:310 - Check plugin ipmanager
2023-11-23 22:19:06,444 [INFO] PluginManage:359 - Loaded plugin ipmanager (category:base,tabindex:5)
2023-11-23 22:19:06,444 [INFO] PluginManage:310 - Check plugin lpbam
2023-11-23 22:19:06,454 [INFO] PluginManage:359 - Loaded plugin lpbam (category:base,tabindex:0)
2023-11-23 22:19:06,454 [INFO] PluginManage:310 - Check plugin memorymap
2023-11-23 22:19:06,472 [INFO] PluginManage:359 - Loaded plugin memorymap (category:base,tabindex:4)
2023-11-23 22:19:06,472 [INFO] PluginManage:310 - Check plugin pinoutandconfiguration
2023-11-23 22:19:06,481 [INFO] PluginManage:359 - Loaded plugin pinoutandconfiguration (category:base,tabindex:1)
2023-11-23 22:19:06,482 [INFO] PluginManage:310 - Check plugin pinoutconfig
2023-11-23 22:19:06,601 [WARN] SupportedApi:132 - Cannot load RTOS API schema: s4s-elt-must-match.1: The content of 'definitions' must match (annotation?, (simpleType | complexType)?, (unique | key | keyref)*)). A problem was found starting at: attribute.
2023-11-23 22:19:06,774 [INFO] PluginManage:359 - Loaded plugin pinoutconfig (category:base,tabindex:0)
2023-11-23 22:19:06,775 [INFO] PluginManage:310 - Check plugin power
2023-11-23 22:19:06,786 [INFO] PluginManage:359 - Loaded plugin power (category:power,tabindex:4)
2023-11-23 22:19:06,786 [INFO] PluginManage:310 - Check plugin projectmanager
2023-11-23 22:19:06,802 [INFO] PluginManage:359 - Loaded plugin projectmanager (category:projectmanager,tabindex:3)
2023-11-23 22:19:06,803 [INFO] PluginManage:310 - Check plugin thirdparty
2023-11-23 22:19:06,939 [INFO] PluginManage:359 - Loaded plugin thirdparty (category:base,tabindex:-1)
2023-11-23 22:19:06,939 [INFO] PluginManage:310 - Check plugin tools
2023-11-23 22:19:06,939 [WARN] IntegrityCheckThread:84 - waiting for thirdparty lock release [integrity check]
2023-11-23 22:19:06,940 [INFO] IntegrityCheckThread:86 - entering critical section [integrity check]
2023-11-23 22:19:06,940 [INFO] ThirdPartyUpdaterWithRetryManager:70 - Updater plugin not ready yet. [1/15]
2023-11-23 22:19:06,943 [INFO] PluginManage:359 - Loaded plugin tools (category:base,tabindex:7)
2023-11-23 22:19:06,943 [INFO] PluginManage:310 - Check plugin tutovideos
2023-11-23 22:19:07,156 [INFO] PluginManage:359 - Loaded plugin tutovideos (category:base,tabindex:-1)
2023-11-23 22:19:07,156 [INFO] PluginManage:310 - Check plugin updater
2023-11-23 22:19:07,182 [INFO] PluginManage:359 - Loaded plugin updater (category:base,tabindex:12)
2023-11-23 22:19:07,182 [INFO] PluginManage:310 - Check plugin userauth
2023-11-23 22:19:07,187 [INFO] UserAuth:114 - Init User Auth plugin
2023-11-23 22:19:07,187 [INFO] PluginManage:359 - Loaded plugin userauth (category:base,tabindex:14)
2023-11-23 22:19:07,188 [INFO] PluginManage:283 - PluginManage : Loaded plugins [17]
2023-11-23 22:19:07,472 [INFO] PinOutPanel:1499 - setPackage(No Configuration,No Configuration)
2023-11-23 22:19:07,547 [INFO] CADModel:165 - CPN selected for project level
2023-11-23 22:19:07,547 [INFO] CADModel:114 - Register for checkConnection events
2023-11-23 22:19:07,562 [INFO] IPUIPlugin:80 - create IPUIPlugin
2023-11-23 22:19:07,562 [INFO] PluginManager:220 - loadIPPluginJar : add adc
2023-11-23 22:19:07,565 [INFO] IPUIPlugin:80 - create IPUIPlugin
2023-11-23 22:19:07,566 [INFO] PluginManager:220 - loadIPPluginJar : add aes
2023-11-23 22:19:07,568 [INFO] IPUIPlugin:80 - create IPUIPlugin
2023-11-23 22:19:07,568 [INFO] PluginManager:220 - loadIPPluginJar : add can
2023-11-23 22:19:07,570 [INFO] IPUIPlugin:80 - create IPUIPlugin
2023-11-23 22:19:07,570 [INFO] PluginManager:220 - loadIPPluginJar : add comp
2023-11-23 22:19:07,572 [INFO] IPUIPlugin:80 - create IPUIPlugin
2023-11-23 22:19:07,573 [INFO] PluginManager:220 - loadIPPluginJar : add cryp
2023-11-23 22:19:07,575 [INFO] IPUIPlugin:80 - create IPUIPlugin
2023-11-23 22:19:07,575 [INFO] PluginManager:220 - loadIPPluginJar : add dfsdm
2023-11-23 22:19:07,579 [INFO] IPUIPlugin:80 - create IPUIPlugin
2023-11-23 22:19:07,580 [INFO] PluginManager:220 - loadIPPluginJar : add dma
2023-11-23 22:19:07,583 [INFO] IPUIPlugin:80 - create IPUIPlugin
2023-11-23 22:19:07,583 [INFO] PluginManager:220 - loadIPPluginJar : add dma3
2023-11-23 22:19:07,584 [INFO] IPUIPlugin:80 - create IPUIPlugin
2023-11-23 22:19:07,585 [INFO] PluginManager:220 - loadIPPluginJar : add fatfs
2023-11-23 22:19:07,588 [INFO] IPUIPlugin:80 - create IPUIPlugin
2023-11-23 22:19:07,588 [INFO] PluginManager:220 - loadIPPluginJar : add fmc
2023-11-23 22:19:07,594 [INFO] IPUIPlugin:80 - create IPUIPlugin
2023-11-23 22:19:07,594 [INFO] PluginManager:220 - loadIPPluginJar : add freertos
2023-11-23 22:19:07,597 [INFO] IPUIPlugin:80 - create IPUIPlugin
2023-11-23 22:19:07,597 [INFO] PluginManager:220 - loadIPPluginJar : add genericplugin
2023-11-23 22:19:07,599 [INFO] IPUIPlugin:80 - create IPUIPlugin
2023-11-23 22:19:07,599 [INFO] PluginManager:220 - loadIPPluginJar : add gfxmmu
2023-11-23 22:19:07,610 [INFO] IPUIPlugin:80 - create IPUIPlugin
2023-11-23 22:19:07,611 [INFO] PluginManager:220 - loadIPPluginJar : add gic
2023-11-23 22:19:07,616 [INFO] IPUIPlugin:80 - create IPUIPlugin
2023-11-23 22:19:07,616 [INFO] PluginManager:220 - loadIPPluginJar : add gpio
2023-11-23 22:19:07,626 [INFO] IPUIPlugin:80 - create IPUIPlugin
2023-11-23 22:19:07,626 [INFO] PluginManager:220 - loadIPPluginJar : add gtzc
2023-11-23 22:19:07,629 [INFO] IPUIPlugin:80 - create IPUIPlugin
2023-11-23 22:19:07,629 [INFO] PluginManager:220 - loadIPPluginJar : add hash
2023-11-23 22:19:07,632 [INFO] IPUIPlugin:80 - create IPUIPlugin
2023-11-23 22:19:07,632 [INFO] PluginManager:220 - loadIPPluginJar : add i2c
2023-11-23 22:19:07,635 [INFO] IPUIPlugin:80 - create IPUIPlugin
2023-11-23 22:19:07,635 [INFO] PluginManager:220 - loadIPPluginJar : add i2s
2023-11-23 22:19:07,638 [INFO] IPUIPlugin:80 - create IPUIPlugin
2023-11-23 22:19:07,638 [INFO] PluginManager:220 - loadIPPluginJar : add i3c
2023-11-23 22:19:07,642 [INFO] IPUIPlugin:80 - create IPUIPlugin
2023-11-23 22:19:07,642 [INFO] PluginManager:220 - loadIPPluginJar : add ipddr
2023-11-23 22:19:07,648 [INFO] IPUIPlugin:80 - create IPUIPlugin
2023-11-23 22:19:07,649 [INFO] PluginManager:220 - loadIPPluginJar : add linkedlist
2023-11-23 22:19:07,653 [INFO] IPUIPlugin:80 - create IPUIPlugin
2023-11-23 22:19:07,653 [INFO] PluginManager:220 - loadIPPluginJar : add lorawan
2023-11-23 22:19:07,656 [INFO] IPUIPlugin:80 - create IPUIPlugin
2023-11-23 22:19:07,656 [INFO] PluginManager:220 - loadIPPluginJar : add ltdc
2023-11-23 22:19:07,666 [INFO] IPUIPlugin:80 - create IPUIPlugin
2023-11-23 22:19:07,666 [INFO] PluginManager:220 - loadIPPluginJar : add mdma
2023-11-23 22:19:07,670 [INFO] IPUIPlugin:80 - create IPUIPlugin
2023-11-23 22:19:07,671 [INFO] PluginManager:220 - loadIPPluginJar : add nvic
2023-11-23 22:19:07,674 [INFO] IPUIPlugin:80 - create IPUIPlugin
2023-11-23 22:19:07,674 [INFO] PluginManager:220 - loadIPPluginJar : add opamp
2023-11-23 22:19:07,678 [INFO] IPUIPlugin:80 - create IPUIPlugin
2023-11-23 22:19:07,679 [INFO] PluginManager:220 - loadIPPluginJar : add openamp
2023-11-23 22:19:07,682 [INFO] IPUIPlugin:80 - create IPUIPlugin
2023-11-23 22:19:07,682 [INFO] PluginManager:220 - loadIPPluginJar : add pdm2pcm
2023-11-23 22:19:07,688 [INFO] IPUIPlugin:80 - create IPUIPlugin
2023-11-23 22:19:07,691 [INFO] PluginManager:220 - loadIPPluginJar : add plateformsettings
2023-11-23 22:19:07,693 [INFO] IPUIPlugin:80 - create IPUIPlugin
2023-11-23 22:19:07,694 [INFO] PluginManager:220 - loadIPPluginJar : add quadspi
2023-11-23 22:19:07,699 [INFO] IPUIPlugin:80 - create IPUIPlugin
2023-11-23 22:19:07,699 [INFO] PluginManager:220 - loadIPPluginJar : add resmgrutility
2023-11-23 22:19:07,703 [INFO] IPUIPlugin:80 - create IPUIPlugin
2023-11-23 22:19:07,703 [INFO] PluginManager:220 - loadIPPluginJar : add sai
2023-11-23 22:19:07,706 [INFO] IPUIPlugin:80 - create IPUIPlugin
2023-11-23 22:19:07,706 [INFO] PluginManager:220 - loadIPPluginJar : add spi
2023-11-23 22:19:07,712 [INFO] IPUIPlugin:80 - create IPUIPlugin
2023-11-23 22:19:07,713 [INFO] PluginManager:220 - loadIPPluginJar : add stm32_wpan
2023-11-23 22:19:07,715 [INFO] IPUIPlugin:80 - create IPUIPlugin
2023-11-23 22:19:07,715 [INFO] PluginManager:220 - loadIPPluginJar : add tim
2023-11-23 22:19:07,717 [INFO] IPUIPlugin:80 - create IPUIPlugin
2023-11-23 22:19:07,718 [INFO] PluginManager:220 - loadIPPluginJar : add touchsensing
2023-11-23 22:19:07,720 [INFO] IPUIPlugin:80 - create IPUIPlugin
2023-11-23 22:19:07,720 [INFO] PluginManager:220 - loadIPPluginJar : add tracer_emb
2023-11-23 22:19:07,722 [INFO] IPUIPlugin:80 - create IPUIPlugin
2023-11-23 22:19:07,722 [INFO] PluginManager:220 - loadIPPluginJar : add ts
2023-11-23 22:19:07,724 [INFO] IPUIPlugin:80 - create IPUIPlugin
2023-11-23 22:19:07,724 [INFO] PluginManager:220 - loadIPPluginJar : add tsc
2023-11-23 22:19:07,726 [INFO] IPUIPlugin:80 - create IPUIPlugin
2023-11-23 22:19:07,727 [INFO] PluginManager:220 - loadIPPluginJar : add ucpd
2023-11-23 22:19:07,730 [INFO] IPUIPlugin:80 - create IPUIPlugin
2023-11-23 22:19:07,730 [INFO] PluginManager:220 - loadIPPluginJar : add usart
2023-11-23 22:19:07,733 [INFO] IPUIPlugin:80 - create IPUIPlugin
2023-11-23 22:19:07,734 [INFO] PluginManager:220 - loadIPPluginJar : add usbx
2023-11-23 22:19:07,870 [INFO] CADModel:165 - CPN selected for project level
2023-11-23 22:19:07,870 [INFO] CADModel:114 - Register for checkConnection events
2023-11-23 22:19:07,870 [FATAL] Updater:308 - Updater called before beeing initialized
2023-11-23 22:19:07,870 [ERROR] CADModel:125 - Updater not yet initialized, retry later 
2023-11-23 22:19:08,100 [INFO] CADModel:165 - CPN selected for project level
2023-11-23 22:19:08,100 [INFO] CADModel:114 - Register for checkConnection events
2023-11-23 22:19:08,100 [FATAL] Updater:308 - Updater called before beeing initialized
2023-11-23 22:19:08,100 [ERROR] CADModel:125 - Updater not yet initialized, retry later 
2023-11-23 22:19:08,103 [FATAL] Updater:308 - Updater called before beeing initialized
2023-11-23 22:19:08,234 [FATAL] Updater:308 - Updater called before beeing initialized
2023-11-23 22:19:08,237 [INFO] DbMcusAds:53 - JSON generation date=Thu Sep 30 08:55:09 CEST 2021 (1632984909247)
2023-11-23 22:19:08,237 [FATAL] Updater:308 - Updater called before beeing initialized
2023-11-23 22:19:08,300 [WARN] DetailPanel:346 - Failed to get advertising image, set to default
2023-11-23 22:19:08,400 [FATAL] Updater:308 - Updater called before beeing initialized
2023-11-23 22:19:08,401 [FATAL] Updater:308 - Updater called before beeing initialized
2023-11-23 22:19:08,401 [FATAL] Updater:308 - Updater called before beeing initialized
2023-11-23 22:19:08,401 [WARN] DetailPanel:346 - Failed to get advertising image, set to default
2023-11-23 22:19:08,402 [FATAL] Updater:308 - Updater called before beeing initialized
2023-11-23 22:19:08,459 [ERROR] Updater:1120 - MainUpdater not yet initialized. External WinMGr cannot be set.
2023-11-23 22:19:08,465 [INFO] Updater:1056 - Updater Version found : 6.10.0
2023-11-23 22:19:08,485 [INFO] ApplicationProperties:184 - Using Application install path: C:\ST\STM32CubeIDE_1.7.0\STM32CubeIDE\plugins\com.st.stm32cube.common.mx_6.10.0.202311202037
2023-11-23 22:19:09,942 [INFO] ThirdPartyUpdaterWithRetryManager:70 - Updater plugin not ready yet. [2/15]
2023-11-23 22:19:10,058 [ERROR] LogOutputStream:75 - [STDERR_REDIRECT] Nov 23, 2023 10:19:10 PM java.util.prefs.WindowsPreferences <init>
2023-11-23 22:19:10,059 [ERROR] LogOutputStream:75 - [STDERR_REDIRECT] WARNING: Could not open/create prefs root node Software\JavaSoft\Prefs at root 0xffffffff80000002. Windows RegCreateKeyEx(...) returned error code 5.
2023-11-23 22:19:10,059 [ERROR] LogOutputStream:75 - [STDERR_REDIRECT] 
2023-11-23 22:19:10,088 [INFO] MainUpdater:526 - Copy updater definitions from MX database
2023-11-23 22:19:10,145 [INFO] MainUpdater:559 - Copy flag file definitions from MX database
2023-11-23 22:19:10,149 [INFO] MainUpdater:575 - Copy thirdparty index definitions from MX database
2023-11-23 22:19:10,153 [INFO] MainUpdater:594 - Copy default thirdparty db definitions from MX database
2023-11-23 22:19:10,532 [INFO] MainUpdater:2873 - connection check result : 10
2023-11-23 22:19:10,533 [INFO] MainUpdater:3567 - Updater definition file requires update
2023-11-23 22:19:10,534 [INFO] MainUpdater:290 - Updater Check For Update Now.
2023-11-23 22:19:10,535 [INFO] MicroXplorer:498 - Change Database Version : DB.6.0.100
2023-11-23 22:19:10,539 [INFO] McuFinderGlobals:63 - Set McuFinder mode to 2 (CubeIDE integrated)
2023-11-23 22:19:10,541 [INFO] UserAuth:180 - activating auth plugin
2023-11-23 22:19:10,555 [INFO] UserAuth:404 - Internet connection configuration mode: 1
2023-11-23 22:19:10,575 [INFO] JxBrowserEngine:152 - Initiate JxBrowser Engine with user profile folder
2023-11-23 22:19:10,633 [INFO] ServerAccessManage:473 - Download File updaters.zip
2023-11-23 22:19:10,703 [INFO] FileExtend:240 - Unzip File : updaters.zip
2023-11-23 22:19:10,703 [INFO] FileExtend:255 - Standard Zip Deflate
2023-11-23 22:19:11,242 [INFO] ServerAccessManage:473 - Download File PacksControlFlags.xml
2023-11-23 22:19:11,313 [INFO] ServerAccessManage:473 - Download File cubemx.pidx
2023-11-23 22:19:11,430 [INFO] ServerAccessManage:473 - Download File STMicroelectronics.FP-ATR-ASTRA1.pdsc
2023-11-23 22:19:11,831 [INFO] ServerAccessManage:473 - Download File STMicroelectronics.FP-ATR-SIGFOX1.pdsc
2023-11-23 22:19:11,942 [INFO] ServerAccessManage:473 - Download File STMicroelectronics.FP-SNS-FLIGHT1.pdsc
2023-11-23 22:19:12,106 [INFO] ServerAccessManage:473 - Download File STMicroelectronics.FP-SNS-MOTENV1.pdsc
2023-11-23 22:19:12,300 [INFO] ServerAccessManage:473 - Download File STMicroelectronics.FP-SNS-MOTENVWB1.pdsc
2023-11-23 22:19:12,383 [INFO] ServerAccessManage:473 - Download File STMicroelectronics.FP-SNS-SMARTAG2.pdsc
2023-11-23 22:19:12,471 [INFO] ServerAccessManage:473 - Download File STMicroelectronics.X-CUBE-AI.pdsc
2023-11-23 22:19:12,942 [WARN] MainUpdater:1194 - Updater busy. Cannot search thirdparties
2023-11-23 22:19:12,942 [INFO] ThirdPartyUpdaterWithRetryManager:96 - Updater plugin is busy. [1/15]
2023-11-23 22:19:13,201 [INFO] ServerAccessManage:473 - Download File STMicroelectronics.X-CUBE-ALS.pdsc
2023-11-23 22:19:13,408 [INFO] ServerAccessManage:473 - Download File STMicroelectronics.X-CUBE-BLE1.pdsc
2023-11-23 22:19:13,892 [ERROR] ServerAccessManage:1089 - Problem, file not found on Server
2023-11-23 22:19:13,931 [INFO] ServerAccessManage:473 - Download File STMicroelectronics.X-CUBE-BLE2.pdsc
2023-11-23 22:19:14,254 [INFO] ServerAccessManage:473 - Download File STMicroelectronics.X-CUBE-BLEMGR.pdsc
2023-11-23 22:19:14,523 [INFO] ServerAccessManage:473 - Download File STMicroelectronics.X-CUBE-DISPLAY.pdsc
2023-11-23 22:19:14,788 [INFO] ServerAccessManage:473 - Download File STMicroelectronics.X-CUBE-EEPRMA1.pdsc
2023-11-23 22:19:15,084 [ERROR] ServerAccessManage:1089 - Problem, file not found on Server
2023-11-23 22:19:15,205 [INFO] ServerAccessManage:473 - Download File STMicroelectronics.X-CUBE-FREERTOS.pdsc
2023-11-23 22:19:15,337 [INFO] ServerAccessManage:473 - Download File STMicroelectronics.X-CUBE-GNSS1.pdsc
2023-11-23 22:19:15,947 [WARN] MainUpdater:1194 - Updater busy. Cannot search thirdparties
2023-11-23 22:19:15,947 [INFO] ThirdPartyUpdaterWithRetryManager:96 - Updater plugin is busy. [2/15]
2023-11-23 22:19:16,333 [ERROR] ServerAccessManage:1089 - Problem, file not found on Server
2023-11-23 22:19:16,636 [ERROR] ServerAccessManage:1089 - Problem, file not found on Server
2023-11-23 22:19:16,950 [ERROR] ServerAccessManage:1089 - Problem, file not found on Server
2023-11-23 22:19:17,027 [ERROR] ServerAccessManage:1089 - Problem, file not found on Server
2023-11-23 22:19:17,112 [ERROR] ServerAccessManage:1089 - Problem, file not found on Server
2023-11-23 22:19:17,218 [ERROR] ServerAccessManage:1089 - Problem, file not found on Server
2023-11-23 22:19:17,255 [INFO] ServerAccessManage:473 - Download File STMicroelectronics.X-CUBE-ISPU.pdsc
2023-11-23 22:19:17,374 [INFO] ServerAccessManage:473 - Download File STMicroelectronics.X-CUBE-MEMS1.pdsc
2023-11-23 22:19:18,082 [INFO] ServerAccessManage:473 - Download File STMicroelectronics.X-CUBE-NFC4.pdsc
2023-11-23 22:19:18,956 [WARN] MainUpdater:1194 - Updater busy. Cannot search thirdparties
2023-11-23 22:19:18,956 [INFO] ThirdPartyUpdaterWithRetryManager:96 - Updater plugin is busy. [3/15]
2023-11-23 22:19:19,976 [INFO] WebApp:161 - Instantiating new browser for Auth
2023-11-23 22:19:21,566 [INFO] ServerAccessManage:473 - Download File STMicroelectronics.X-CUBE-NFC6.pdsc
2023-11-23 22:19:21,600 [INFO] WebApp:780 - Register for checkConnection events
2023-11-23 22:19:21,600 [INFO] WebApp:414 - Apply proxy settings
2023-11-23 22:19:21,601 [INFO] WebApp:499 - Chromium requires no authentication
2023-11-23 22:19:21,610 [INFO] WebApp:442 - Direct internet connection detected
2023-11-23 22:19:21,641 [INFO] ServerAccessManage:473 - Download File STMicroelectronics.X-CUBE-NFC7.pdsc
2023-11-23 22:19:21,799 [INFO] WebApp:192 - Starting web application
2023-11-23 22:19:21,799 [INFO] WebApp:544 - Web application path used C:\ST\STM32CubeIDE_1.7.0\STM32CubeIDE\plugins\com.st.stm32cube.common.mx_6.10.0.202311202037\db\plugins\mcufinder\reactClient1\index.html
2023-11-23 22:19:21,970 [WARN] MainUpdater:1194 - Updater busy. Cannot search thirdparties
2023-11-23 22:19:21,970 [INFO] ThirdPartyUpdaterWithRetryManager:96 - Updater plugin is busy. [4/15]
2023-11-23 22:19:21,980 [INFO] ServerAccessManage:473 - Download File STMicroelectronics.X-CUBE-SFXS2LP1.pdsc
2023-11-23 22:19:22,165 [INFO] ServerAccessManage:473 - Download File STMicroelectronics.X-CUBE-SUBG2.pdsc
2023-11-23 22:19:22,573 [INFO] ServerAccessManage:473 - Download File STMicroelectronics.X-CUBE-SMBUS.pdsc
2023-11-23 22:19:22,733 [ERROR] ServerAccessManage:1089 - Problem, file not found on Server
2023-11-23 22:19:22,772 [INFO] ServerAccessManage:473 - Download File STMicroelectronics.X-CUBE-TOF1.pdsc
2023-11-23 22:19:23,098 [ERROR] ServerAccessManage:1089 - Problem, file not found on Server
2023-11-23 22:19:23,147 [INFO] ServerAccessManage:473 - Download File STMicroelectronics.X-CUBE-TOUCHGFX.pdsc
2023-11-23 22:19:23,687 [INFO] ServerAccessManage:473 - Download File STMicroelectronics.X-CUBE-ALGOBUILD.pdsc
2023-11-23 22:19:23,845 [INFO] ServerAccessManage:473 - Download File STMicroelectronics.X-CUBE-AZRTOS-H7.pdsc
2023-11-23 22:19:24,290 [INFO] ServerAccessManage:473 - Download File STMicroelectronics.X-CUBE-AZRTOS-F4.pdsc
2023-11-23 22:19:24,452 [INFO] ServerAccessManage:473 - Download File STMicroelectronics.X-CUBE-AZRTOS-F7.pdsc
2023-11-23 22:19:24,571 [INFO] ServerAccessManage:473 - Download File STMicroelectronics.X-CUBE-AZRTOS-L4.pdsc
2023-11-23 22:19:24,712 [INFO] ServerAccessManage:473 - Download File STMicroelectronics.X-CUBE-AZRTOS-L5.pdsc
2023-11-23 22:19:24,971 [WARN] MainUpdater:1194 - Updater busy. Cannot search thirdparties
2023-11-23 22:19:24,971 [INFO] ThirdPartyUpdaterWithRetryManager:96 - Updater plugin is busy. [5/15]
2023-11-23 22:19:25,130 [INFO] ServerAccessManage:473 - Download File STMicroelectronics.X-CUBE-AZRTOS-G0.pdsc
2023-11-23 22:19:25,310 [INFO] ServerAccessManage:473 - Download File STMicroelectronics.X-CUBE-AZRTOS-G4.pdsc
2023-11-23 22:19:25,634 [INFO] ServerAccessManage:473 - Download File STMicroelectronics.X-CUBE-AZRTOS-WB.pdsc
2023-11-23 22:19:25,885 [INFO] ServerAccessManage:473 - Download File STMicroelectronics.X-CUBE-AZRTOS-WL.pdsc
2023-11-23 22:19:26,463 [INFO] ServerAccessManage:473 - Download File wolfSSL.I-CUBE-wolfSSL.pdsc
2023-11-23 22:19:27,972 [WARN] MainUpdater:1194 - Updater busy. Cannot search thirdparties
2023-11-23 22:19:27,972 [INFO] ThirdPartyUpdaterWithRetryManager:96 - Updater plugin is busy. [6/15]
2023-11-23 22:19:28,942 [ERROR] ExternalUserPreferencesManager:606 - Error while get path from external application: Cannot invoke "com.st.stm32cube.common.mx.MxActivator.getBundle()" because the return value of "com.st.stm32cube.common.mx.MxActivator.getDefault()" is null
2023-11-23 22:19:28,943 [ERROR] ExternalUserPreferencesManager:336 - Error while get preference info from external application: Cannot invoke "com.st.stm32cube.common.mx.MxActivator.getBundle()" because the return value of "com.st.stm32cube.common.mx.MxActivator.getDefault()" is null
2023-11-23 22:19:28,943 [ERROR] ExternalUserPreferencesManager:560 - Error while get preference info from external application: Cannot invoke "com.st.stm32cube.common.mx.MxActivator.getBundle()" because the return value of "com.st.stm32cube.common.mx.MxActivator.getDefault()" is null
2023-11-23 22:19:28,968 [ERROR] ExternalUserPreferencesManager:560 - Error while get preference info from external application: Cannot invoke "com.st.stm32cube.common.mx.MxActivator.getBundle()" because the return value of "com.st.stm32cube.common.mx.MxActivator.getDefault()" is null
2023-11-23 22:19:29,082 [ERROR] LogOutputStream:75 - [STDERR_REDIRECT] 
2023-11-23 22:19:29,084 [ERROR] LogOutputStream:75 - [STDERR_REDIRECT] 
