2023-11-25 17:09:23,302 [INFO] Activator:176 - 


2023-11-25 17:09:23,314 [INFO] Activator:177 - !SESSION log4j initialized
2023-11-25 17:09:30,811 [INFO] LogOutputStream:77 - [STDOUT_REDIRECT] 
2023-11-25 17:09:33,265 [INFO] ApplicationProperties:184 - Using Application install path: C:\ST\STM32CubeIDE_1.7.0\STM32CubeIDE\plugins\com.st.stm32cube.common.mx_6.10.0.202311202037
2023-11-25 17:09:33,303 [INFO] DbMcusXml:78 - Set database path to: C:\ST\STM32CubeIDE_1.7.0\STM32CubeIDE\plugins\com.st.stm32cube.common.mx_6.10.0.202311202037\\db\/mcu/
2023-11-25 17:09:33,303 [INFO] ApiDb:274 - Set plugin database path to: C:\ST\STM32CubeIDE_1.7.0\STM32CubeIDE\plugins\com.st.stm32cube.common.mx_6.10.0.202311202037\\db\/plugins/boardmanager/
2023-11-25 17:09:33,304 [WARN] ApiDb:259 - Overriding images path with different value:  => C:\ST\STM32CubeIDE_1.7.0\STM32CubeIDE\plugins\com.st.stm32cube.common.mx_6.10.0.202311202037\\db\/plugins/mcufinder/images/
2023-11-25 17:09:33,322 [INFO] ApiDb:250 - Set database path to: C:\Users\morae\.stmcufinder\plugins\mcufinder//mcu/
2023-11-25 17:09:33,324 [INFO] DbMcusAds:125 - Set database path to: C:\Users\morae\.stmcufinder\plugins\mcufinder//mcu/
2023-11-25 17:09:33,330 [INFO] CrossReferenceDbSqlite:203 - Set database path to: C:\Users\morae\.stmcufinder\plugins\mcufinder//mcu/cs/
2023-11-25 17:09:33,587 [INFO] RulesReader:64 - Compatibility file has been processed (297 Rules)
2023-11-25 17:09:33,874 [INFO] DbMcusXml:78 - Set database path to: C:\ST\STM32CubeIDE_1.7.0\STM32CubeIDE\plugins\com.st.stm32cube.common.mx_6.10.0.202311202037\\db\/mcu/
2023-11-25 17:09:33,875 [INFO] ApiDb:274 - Set plugin database path to: C:\ST\STM32CubeIDE_1.7.0\STM32CubeIDE\plugins\com.st.stm32cube.common.mx_6.10.0.202311202037\\db\/plugins/boardmanager/
2023-11-25 17:09:33,875 [INFO] ApiDb:261 - Set plugin images path to: C:\ST\STM32CubeIDE_1.7.0\STM32CubeIDE\plugins\com.st.stm32cube.common.mx_6.10.0.202311202037\\db\/plugins/mcufinder/images/
2023-11-25 17:09:33,875 [WARN] DbFile:41 - Overriding database path with different value: C:\Users\morae\.stmcufinder\plugins\mcufinder/ => C:\Users\morae\.stmcufinder\plugins\mcufinder
2023-11-25 17:09:33,876 [INFO] ApiDb:250 - Set database path to: C:\Users\morae\.stmcufinder\plugins\mcufinder//mcu/
2023-11-25 17:09:33,876 [WARN] DbFile:41 - Overriding database path with different value: C:\Users\morae\.stmcufinder\plugins\mcufinder/ => C:\Users\morae\.stmcufinder\plugins\mcufinder
2023-11-25 17:09:33,876 [INFO] DbMcusAds:125 - Set database path to: C:\Users\morae\.stmcufinder\plugins\mcufinder//mcu/
2023-11-25 17:09:33,876 [WARN] DbFile:41 - Overriding database path with different value: C:\Users\morae\.stmcufinder\plugins\mcufinder/ => C:\Users\morae\.stmcufinder\plugins\mcufinder
2023-11-25 17:09:33,876 [WARN] DbFile:41 - Overriding database path with different value: C:\Users\morae\.stmcufinder\plugins\mcufinder/ => C:\Users\morae\.stmcufinder\plugins\mcufinder
2023-11-25 17:09:33,876 [INFO] CrossReferenceDbSqlite:203 - Set database path to: C:\Users\morae\.stmcufinder\plugins\mcufinder//mcu/cs/
2023-11-25 17:09:34,059 [INFO] MainPanel:264 - HeapMemory: 268435456
2023-11-25 17:09:34,302 [INFO] DbMcusXml:78 - Set database path to: C:\ST\STM32CubeIDE_1.7.0\STM32CubeIDE\plugins\com.st.stm32cube.common.mx_6.10.0.202311202037\\db\/mcu/
2023-11-25 17:09:34,303 [INFO] ApiDb:274 - Set plugin database path to: C:\ST\STM32CubeIDE_1.7.0\STM32CubeIDE\plugins\com.st.stm32cube.common.mx_6.10.0.202311202037\\db\/plugins/boardmanager/
2023-11-25 17:09:34,303 [INFO] ApiDb:261 - Set plugin images path to: C:\ST\STM32CubeIDE_1.7.0\STM32CubeIDE\plugins\com.st.stm32cube.common.mx_6.10.0.202311202037\\db\/plugins/mcufinder/images/
2023-11-25 17:09:34,304 [WARN] DbFile:41 - Overriding database path with different value: C:\Users\morae\.stmcufinder\plugins\mcufinder/ => C:\Users\morae\.stmcufinder\plugins\mcufinder
2023-11-25 17:09:34,304 [INFO] ApiDb:250 - Set database path to: C:\Users\morae\.stmcufinder\plugins\mcufinder//mcu/
2023-11-25 17:09:34,304 [WARN] DbFile:41 - Overriding database path with different value: C:\Users\morae\.stmcufinder\plugins\mcufinder/ => C:\Users\morae\.stmcufinder\plugins\mcufinder
2023-11-25 17:09:34,304 [INFO] DbMcusAds:125 - Set database path to: C:\Users\morae\.stmcufinder\plugins\mcufinder//mcu/
2023-11-25 17:09:34,304 [WARN] DbFile:41 - Overriding database path with different value: C:\Users\morae\.stmcufinder\plugins\mcufinder/ => C:\Users\morae\.stmcufinder\plugins\mcufinder
2023-11-25 17:09:34,304 [WARN] DbFile:41 - Overriding database path with different value: C:\Users\morae\.stmcufinder\plugins\mcufinder/ => C:\Users\morae\.stmcufinder\plugins\mcufinder
2023-11-25 17:09:34,305 [INFO] CrossReferenceDbSqlite:203 - Set database path to: C:\Users\morae\.stmcufinder\plugins\mcufinder//mcu/cs/
2023-11-25 17:09:34,380 [INFO] ApplicationProperties:184 - Using Application install path: C:\ST\STM32CubeIDE_1.7.0\STM32CubeIDE\plugins\com.st.stm32cube.common.mx_6.10.0.202311202037
2023-11-25 17:09:34,385 [INFO] PluginManage:196 - Search for loadable plugins [exclusion list=, ]
2023-11-25 17:09:34,388 [INFO] PluginManage:310 - Check plugin analytics
2023-11-25 17:09:34,848 [INFO] AnalyticsPlugin:253 - Accepted Software Licenses: 
2023-11-25 17:09:34,848 [INFO] AnalyticsPlugin:255 - Accepted CMSIS Pack Licenses: 
2023-11-25 17:09:34,849 [INFO] AnalyticsPlugin:257 - Accepted Firmware Licenses: 
2023-11-25 17:09:34,850 [INFO] PluginManage:359 - Loaded plugin analytics (category:tool,tabindex:-1)
2023-11-25 17:09:34,850 [INFO] PluginManage:310 - Check plugin cadmodel
2023-11-25 17:09:34,862 [INFO] CADModel:105 - Init CAD model plugin
2023-11-25 17:09:34,862 [INFO] PluginManage:359 - Loaded plugin cadmodel (category:power,tabindex:5)
2023-11-25 17:09:34,862 [INFO] PluginManage:310 - Check plugin clock
2023-11-25 17:09:34,887 [INFO] PluginManage:359 - Loaded plugin clock (category:base,tabindex:2)
2023-11-25 17:09:34,887 [INFO] PluginManage:310 - Check plugin ddr
2023-11-25 17:09:34,892 [INFO] PluginManage:359 - Loaded plugin ddr (category:tool,tabindex:6)
2023-11-25 17:09:34,893 [INFO] PluginManage:310 - Check plugin filemanager
2023-11-25 17:09:35,136 [INFO] PluginManage:359 - Loaded plugin filemanager (category:base,tabindex:10)
2023-11-25 17:09:35,137 [INFO] PluginManage:310 - Check plugin ipmanager
2023-11-25 17:09:35,152 [INFO] PluginManage:359 - Loaded plugin ipmanager (category:base,tabindex:5)
2023-11-25 17:09:35,152 [INFO] PluginManage:310 - Check plugin lpbam
2023-11-25 17:09:35,167 [INFO] PluginManage:359 - Loaded plugin lpbam (category:base,tabindex:0)
2023-11-25 17:09:35,168 [INFO] PluginManage:310 - Check plugin memorymap
2023-11-25 17:09:35,199 [INFO] PluginManage:359 - Loaded plugin memorymap (category:base,tabindex:4)
2023-11-25 17:09:35,200 [INFO] PluginManage:310 - Check plugin pinoutandconfiguration
2023-11-25 17:09:35,217 [INFO] PluginManage:359 - Loaded plugin pinoutandconfiguration (category:base,tabindex:1)
2023-11-25 17:09:35,217 [INFO] PluginManage:310 - Check plugin pinoutconfig
2023-11-25 17:09:35,406 [WARN] SupportedApi:132 - Cannot load RTOS API schema: s4s-elt-must-match.1: The content of 'definitions' must match (annotation?, (simpleType | complexType)?, (unique | key | keyref)*)). A problem was found starting at: attribute.
2023-11-25 17:09:35,642 [INFO] PluginManage:359 - Loaded plugin pinoutconfig (category:base,tabindex:0)
2023-11-25 17:09:35,643 [INFO] PluginManage:310 - Check plugin power
2023-11-25 17:09:35,665 [INFO] PluginManage:359 - Loaded plugin power (category:power,tabindex:4)
2023-11-25 17:09:35,665 [INFO] PluginManage:310 - Check plugin projectmanager
2023-11-25 17:09:35,700 [INFO] PluginManage:359 - Loaded plugin projectmanager (category:projectmanager,tabindex:3)
2023-11-25 17:09:35,700 [INFO] PluginManage:310 - Check plugin thirdparty
2023-11-25 17:09:35,986 [INFO] PluginManage:359 - Loaded plugin thirdparty (category:base,tabindex:-1)
2023-11-25 17:09:35,986 [INFO] PluginManage:310 - Check plugin tools
2023-11-25 17:09:35,986 [WARN] IntegrityCheckThread:84 - waiting for thirdparty lock release [integrity check]
2023-11-25 17:09:35,987 [INFO] IntegrityCheckThread:86 - entering critical section [integrity check]
2023-11-25 17:09:35,988 [INFO] ThirdPartyUpdaterWithRetryManager:70 - Updater plugin not ready yet. [1/15]
2023-11-25 17:09:35,991 [INFO] PluginManage:359 - Loaded plugin tools (category:base,tabindex:7)
2023-11-25 17:09:35,991 [INFO] PluginManage:310 - Check plugin tutovideos
2023-11-25 17:09:36,222 [INFO] PluginManage:359 - Loaded plugin tutovideos (category:base,tabindex:-1)
2023-11-25 17:09:36,223 [INFO] PluginManage:310 - Check plugin updater
2023-11-25 17:09:36,239 [INFO] PluginManage:359 - Loaded plugin updater (category:base,tabindex:12)
2023-11-25 17:09:36,239 [INFO] PluginManage:310 - Check plugin userauth
2023-11-25 17:09:36,248 [INFO] UserAuth:114 - Init User Auth plugin
2023-11-25 17:09:36,248 [INFO] PluginManage:359 - Loaded plugin userauth (category:base,tabindex:14)
2023-11-25 17:09:36,248 [INFO] PluginManage:283 - PluginManage : Loaded plugins [17]
2023-11-25 17:09:36,560 [INFO] PinOutPanel:1499 - setPackage(No Configuration,No Configuration)
2023-11-25 17:09:36,660 [INFO] CADModel:165 - CPN selected for project level
2023-11-25 17:09:36,660 [INFO] CADModel:114 - Register for checkConnection events
2023-11-25 17:09:36,695 [INFO] IPUIPlugin:80 - create IPUIPlugin
2023-11-25 17:09:36,696 [INFO] PluginManager:220 - loadIPPluginJar : add adc
2023-11-25 17:09:36,704 [INFO] IPUIPlugin:80 - create IPUIPlugin
2023-11-25 17:09:36,705 [INFO] PluginManager:220 - loadIPPluginJar : add aes
2023-11-25 17:09:36,715 [INFO] IPUIPlugin:80 - create IPUIPlugin
2023-11-25 17:09:36,716 [INFO] PluginManager:220 - loadIPPluginJar : add can
2023-11-25 17:09:36,720 [INFO] IPUIPlugin:80 - create IPUIPlugin
2023-11-25 17:09:36,721 [INFO] PluginManager:220 - loadIPPluginJar : add comp
2023-11-25 17:09:36,730 [INFO] IPUIPlugin:80 - create IPUIPlugin
2023-11-25 17:09:36,730 [INFO] PluginManager:220 - loadIPPluginJar : add cryp
2023-11-25 17:09:36,738 [INFO] IPUIPlugin:80 - create IPUIPlugin
2023-11-25 17:09:36,739 [INFO] PluginManager:220 - loadIPPluginJar : add dfsdm
2023-11-25 17:09:36,753 [INFO] IPUIPlugin:80 - create IPUIPlugin
2023-11-25 17:09:36,754 [INFO] PluginManager:220 - loadIPPluginJar : add dma
2023-11-25 17:09:36,762 [INFO] IPUIPlugin:80 - create IPUIPlugin
2023-11-25 17:09:36,763 [INFO] PluginManager:220 - loadIPPluginJar : add dma3
2023-11-25 17:09:36,768 [INFO] IPUIPlugin:80 - create IPUIPlugin
2023-11-25 17:09:36,768 [INFO] PluginManager:220 - loadIPPluginJar : add fatfs
2023-11-25 17:09:36,777 [INFO] IPUIPlugin:80 - create IPUIPlugin
2023-11-25 17:09:36,777 [INFO] PluginManager:220 - loadIPPluginJar : add fmc
2023-11-25 17:09:36,790 [INFO] IPUIPlugin:80 - create IPUIPlugin
2023-11-25 17:09:36,790 [INFO] PluginManager:220 - loadIPPluginJar : add freertos
2023-11-25 17:09:36,796 [INFO] IPUIPlugin:80 - create IPUIPlugin
2023-11-25 17:09:36,797 [INFO] PluginManager:220 - loadIPPluginJar : add genericplugin
2023-11-25 17:09:36,802 [INFO] IPUIPlugin:80 - create IPUIPlugin
2023-11-25 17:09:36,802 [INFO] PluginManager:220 - loadIPPluginJar : add gfxmmu
2023-11-25 17:09:36,816 [INFO] IPUIPlugin:80 - create IPUIPlugin
2023-11-25 17:09:36,816 [INFO] PluginManager:220 - loadIPPluginJar : add gic
2023-11-25 17:09:36,829 [INFO] IPUIPlugin:80 - create IPUIPlugin
2023-11-25 17:09:36,830 [INFO] PluginManager:220 - loadIPPluginJar : add gpio
2023-11-25 17:09:36,839 [INFO] IPUIPlugin:80 - create IPUIPlugin
2023-11-25 17:09:36,840 [INFO] PluginManager:220 - loadIPPluginJar : add gtzc
2023-11-25 17:09:36,847 [INFO] IPUIPlugin:80 - create IPUIPlugin
2023-11-25 17:09:36,848 [INFO] PluginManager:220 - loadIPPluginJar : add hash
2023-11-25 17:09:36,856 [INFO] IPUIPlugin:80 - create IPUIPlugin
2023-11-25 17:09:36,856 [INFO] PluginManager:220 - loadIPPluginJar : add i2c
2023-11-25 17:09:36,862 [INFO] IPUIPlugin:80 - create IPUIPlugin
2023-11-25 17:09:36,862 [INFO] PluginManager:220 - loadIPPluginJar : add i2s
2023-11-25 17:09:36,870 [INFO] IPUIPlugin:80 - create IPUIPlugin
2023-11-25 17:09:36,871 [INFO] PluginManager:220 - loadIPPluginJar : add i3c
2023-11-25 17:09:36,879 [INFO] IPUIPlugin:80 - create IPUIPlugin
2023-11-25 17:09:36,879 [INFO] PluginManager:220 - loadIPPluginJar : add ipddr
2023-11-25 17:09:36,894 [INFO] IPUIPlugin:80 - create IPUIPlugin
2023-11-25 17:09:36,894 [INFO] PluginManager:220 - loadIPPluginJar : add linkedlist
2023-11-25 17:09:36,901 [INFO] IPUIPlugin:80 - create IPUIPlugin
2023-11-25 17:09:36,902 [INFO] PluginManager:220 - loadIPPluginJar : add lorawan
2023-11-25 17:09:36,905 [INFO] IPUIPlugin:80 - create IPUIPlugin
2023-11-25 17:09:36,906 [INFO] PluginManager:220 - loadIPPluginJar : add ltdc
2023-11-25 17:09:36,917 [INFO] IPUIPlugin:80 - create IPUIPlugin
2023-11-25 17:09:36,917 [INFO] PluginManager:220 - loadIPPluginJar : add mdma
2023-11-25 17:09:36,926 [INFO] IPUIPlugin:80 - create IPUIPlugin
2023-11-25 17:09:36,926 [INFO] PluginManager:220 - loadIPPluginJar : add nvic
2023-11-25 17:09:36,934 [INFO] IPUIPlugin:80 - create IPUIPlugin
2023-11-25 17:09:36,935 [INFO] PluginManager:220 - loadIPPluginJar : add opamp
2023-11-25 17:09:36,942 [INFO] IPUIPlugin:80 - create IPUIPlugin
2023-11-25 17:09:36,943 [INFO] PluginManager:220 - loadIPPluginJar : add openamp
2023-11-25 17:09:36,949 [INFO] IPUIPlugin:80 - create IPUIPlugin
2023-11-25 17:09:36,949 [INFO] PluginManager:220 - loadIPPluginJar : add pdm2pcm
2023-11-25 17:09:36,962 [INFO] IPUIPlugin:80 - create IPUIPlugin
2023-11-25 17:09:36,968 [INFO] PluginManager:220 - loadIPPluginJar : add plateformsettings
2023-11-25 17:09:36,972 [INFO] IPUIPlugin:80 - create IPUIPlugin
2023-11-25 17:09:36,972 [INFO] PluginManager:220 - loadIPPluginJar : add quadspi
2023-11-25 17:09:36,982 [INFO] IPUIPlugin:80 - create IPUIPlugin
2023-11-25 17:09:36,983 [INFO] PluginManager:220 - loadIPPluginJar : add resmgrutility
2023-11-25 17:09:36,991 [INFO] IPUIPlugin:80 - create IPUIPlugin
2023-11-25 17:09:36,992 [INFO] PluginManager:220 - loadIPPluginJar : add sai
2023-11-25 17:09:36,999 [INFO] IPUIPlugin:80 - create IPUIPlugin
2023-11-25 17:09:36,999 [INFO] PluginManager:220 - loadIPPluginJar : add spi
2023-11-25 17:09:37,011 [INFO] IPUIPlugin:80 - create IPUIPlugin
2023-11-25 17:09:37,012 [INFO] PluginManager:220 - loadIPPluginJar : add stm32_wpan
2023-11-25 17:09:37,019 [INFO] IPUIPlugin:80 - create IPUIPlugin
2023-11-25 17:09:37,019 [INFO] PluginManager:220 - loadIPPluginJar : add tim
2023-11-25 17:09:37,027 [INFO] IPUIPlugin:80 - create IPUIPlugin
2023-11-25 17:09:37,027 [INFO] PluginManager:220 - loadIPPluginJar : add touchsensing
2023-11-25 17:09:37,033 [INFO] IPUIPlugin:80 - create IPUIPlugin
2023-11-25 17:09:37,034 [INFO] PluginManager:220 - loadIPPluginJar : add tracer_emb
2023-11-25 17:09:37,040 [INFO] IPUIPlugin:80 - create IPUIPlugin
2023-11-25 17:09:37,041 [INFO] PluginManager:220 - loadIPPluginJar : add ts
2023-11-25 17:09:37,045 [INFO] IPUIPlugin:80 - create IPUIPlugin
2023-11-25 17:09:37,045 [INFO] PluginManager:220 - loadIPPluginJar : add tsc
2023-11-25 17:09:37,051 [INFO] IPUIPlugin:80 - create IPUIPlugin
2023-11-25 17:09:37,052 [INFO] PluginManager:220 - loadIPPluginJar : add ucpd
2023-11-25 17:09:37,059 [INFO] IPUIPlugin:80 - create IPUIPlugin
2023-11-25 17:09:37,060 [INFO] PluginManager:220 - loadIPPluginJar : add usart
2023-11-25 17:09:37,068 [INFO] IPUIPlugin:80 - create IPUIPlugin
2023-11-25 17:09:37,068 [INFO] PluginManager:220 - loadIPPluginJar : add usbx
2023-11-25 17:09:37,320 [INFO] CADModel:165 - CPN selected for project level
2023-11-25 17:09:37,320 [INFO] CADModel:114 - Register for checkConnection events
2023-11-25 17:09:37,321 [FATAL] Updater:308 - Updater called before beeing initialized
2023-11-25 17:09:37,321 [ERROR] CADModel:125 - Updater not yet initialized, retry later 
2023-11-25 17:09:37,700 [INFO] CADModel:165 - CPN selected for project level
2023-11-25 17:09:37,701 [INFO] CADModel:114 - Register for checkConnection events
2023-11-25 17:09:37,701 [FATAL] Updater:308 - Updater called before beeing initialized
2023-11-25 17:09:37,701 [ERROR] CADModel:125 - Updater not yet initialized, retry later 
2023-11-25 17:09:37,708 [FATAL] Updater:308 - Updater called before beeing initialized
2023-11-25 17:09:38,076 [FATAL] Updater:308 - Updater called before beeing initialized
2023-11-25 17:09:38,084 [INFO] DbMcusAds:53 - JSON generation date=Tue Mar 07 09:50:55 CET 2023 (1678179055335)
2023-11-25 17:09:38,084 [FATAL] Updater:308 - Updater called before beeing initialized
2023-11-25 17:09:38,192 [WARN] DetailPanel:346 - Failed to get advertising image, set to default
2023-11-25 17:09:38,455 [FATAL] Updater:308 - Updater called before beeing initialized
2023-11-25 17:09:38,459 [FATAL] Updater:308 - Updater called before beeing initialized
2023-11-25 17:09:38,459 [FATAL] Updater:308 - Updater called before beeing initialized
2023-11-25 17:09:38,459 [WARN] DetailPanel:346 - Failed to get advertising image, set to default
2023-11-25 17:09:38,461 [FATAL] Updater:308 - Updater called before beeing initialized
2023-11-25 17:09:38,606 [ERROR] Updater:1120 - MainUpdater not yet initialized. External WinMGr cannot be set.
2023-11-25 17:09:38,612 [INFO] Updater:1056 - Updater Version found : 6.10.0
2023-11-25 17:09:38,649 [INFO] ApplicationProperties:184 - Using Application install path: C:\ST\STM32CubeIDE_1.7.0\STM32CubeIDE\plugins\com.st.stm32cube.common.mx_6.10.0.202311202037
2023-11-25 17:09:38,989 [INFO] ThirdPartyUpdaterWithRetryManager:70 - Updater plugin not ready yet. [2/15]
2023-11-25 17:09:40,283 [ERROR] LogOutputStream:75 - [STDERR_REDIRECT] Nov 25, 2023 5:09:40 PM java.util.prefs.WindowsPreferences <init>
2023-11-25 17:09:40,288 [ERROR] LogOutputStream:75 - [STDERR_REDIRECT] WARNING: Could not open/create prefs root node Software\JavaSoft\Prefs at root 0xffffffff80000002. Windows RegCreateKeyEx(...) returned error code 5.
2023-11-25 17:09:40,289 [ERROR] LogOutputStream:75 - [STDERR_REDIRECT] 
2023-11-25 17:09:40,983 [INFO] MainUpdater:2873 - connection check result : 10
2023-11-25 17:09:40,986 [INFO] MainUpdater:290 - Updater Check For Update Now.
2023-11-25 17:09:40,986 [INFO] MicroXplorer:498 - Change Database Version : DB.6.0.100
2023-11-25 17:09:41,003 [INFO] McuFinderGlobals:63 - Set McuFinder mode to 2 (CubeIDE integrated)
2023-11-25 17:09:41,023 [INFO] UserAuth:404 - Internet connection configuration mode: 1
2023-11-25 17:09:41,085 [INFO] JxBrowserEngine:152 - Initiate JxBrowser Engine with user profile folder
2023-11-25 17:09:41,307 [INFO] CheckServerUpdateThread:120 - End of CheckServer Thread
2023-11-25 17:09:42,527 [WARN] PackLoader:240 - Cannot read IP mode file for STMicroelectronics.X-CUBE-SMBUS.2.1.0
2023-11-25 17:09:42,684 [WARN] PackLoader:240 - Cannot read IP mode file for STMicroelectronics.X-CUBE-AZRTOS-F7.1.1.0
2023-11-25 17:09:42,738 [WARN] PackLoader:240 - Cannot read IP mode file for STMicroelectronics.FP-SNS-MOTENV1.4.3.2
2023-11-25 17:09:42,783 [WARN] PackLoader:240 - Cannot read IP mode file for STMicroelectronics.FP-SNS-FLIGHT1.5.0.2
2023-11-25 17:09:42,853 [WARN] PackLoader:240 - Cannot read IP mode file for STMicroelectronics.X-CUBE-DISPLAY.3.0.0
2023-11-25 17:09:42,929 [WARN] PackLoader:240 - Cannot read IP mode file for STMicroelectronics.X-CUBE-BLE1.7.0.0
2023-11-25 17:09:42,980 [WARN] PackLoader:240 - Cannot read IP mode file for STMicroelectronics.X-CUBE-TOUCHGFX.4.22.1
2023-11-25 17:09:43,017 [WARN] PackLoader:240 - Cannot read IP mode file for STMicroelectronics.FP-SNS-SMARTAG2.1.2.0
2023-11-25 17:09:43,074 [INFO] LogOutputStream:77 - [STDOUT_REDIRECT] 1 : Invalid condition id : UX_CORESTACK_Condition cause : null
2023-11-25 17:09:43,075 [INFO] LogOutputStream:77 - [STDOUT_REDIRECT] 1 : Invalid condition id : UX_CORESTACK_Condition cause : null
2023-11-25 17:09:43,080 [INFO] LogOutputStream:77 - [STDOUT_REDIRECT] 1 : Invalid condition id : UX_CORESTACK_Condition cause : null
2023-11-25 17:09:43,088 [INFO] LogOutputStream:77 - [STDOUT_REDIRECT] 1 : Invalid condition id : UX_CORESTACK_Condition cause : null
2023-11-25 17:09:43,090 [INFO] LogOutputStream:77 - [STDOUT_REDIRECT] 1 : Invalid condition id : UX_CORESTACK_Condition cause : null
2023-11-25 17:09:43,102 [WARN] PackLoader:240 - Cannot read IP mode file for STMicroelectronics.X-CUBE-AZRTOS-WL.2.0.0
2023-11-25 17:09:43,129 [WARN] PackLoader:240 - Cannot read IP mode file for STMicroelectronics.X-CUBE-BLE2.3.3.0
2023-11-25 17:09:43,157 [WARN] PackLoader:240 - Cannot read IP mode file for STMicroelectronics.X-CUBE-ALGOBUILD.1.3.0
2023-11-25 17:09:43,255 [WARN] PackLoader:240 - Cannot read IP mode file for STMicroelectronics.X-CUBE-AZRTOS-G0.1.1.0
2023-11-25 17:09:43,292 [WARN] PackLoader:240 - Cannot read IP mode file for STMicroelectronics.X-CUBE-NFC4.3.0.0
2023-11-25 17:09:43,323 [WARN] PackLoader:240 - Cannot read IP mode file for STMicroelectronics.X-CUBE-BLEMGR.3.0.0
2023-11-25 17:09:43,345 [WARN] PackLoader:240 - Cannot read IP mode file for STMicroelectronics.FP-ATR-SIGFOX1.3.2.0
2023-11-25 17:09:43,362 [WARN] PackLoader:240 - Cannot read IP mode file for STMicroelectronics.X-CUBE-GNSS1.6.0.0
2023-11-25 17:09:43,410 [WARN] PackLoader:240 - Cannot read IP mode file for STMicroelectronics.X-CUBE-AZRTOS-F4.1.1.0
2023-11-25 17:09:43,465 [WARN] PackLoader:240 - Cannot read IP mode file for STMicroelectronics.X-CUBE-AZRTOS-L5.2.0.0
2023-11-25 17:09:43,487 [WARN] PackLoader:240 - Cannot read IP mode file for STMicroelectronics.X-CUBE-EEPRMA1.4.2.0
2023-11-25 17:09:43,539 [WARN] ConditionMgr:438 - getConditionDescription Invalid condition id : UX DEVICE CLASS RTOS Condition cause : null
2023-11-25 17:09:43,539 [WARN] ConditionMgr:438 - getConditionDescription Invalid condition id : UX DEVICE CLASS RTOS Condition cause : null
2023-11-25 17:09:43,551 [WARN] PackLoader:240 - Cannot read IP mode file for STMicroelectronics.X-CUBE-AZRTOS-H7.3.1.0
2023-11-25 17:09:43,554 [WARN] ConditionMgr:1039 - genDependencies : Invalid condition id : UX DEVICE CLASS RTOS Condition cause : null
2023-11-25 17:09:43,555 [WARN] ConditionMgr:1039 - genDependencies : Invalid condition id : UX DEVICE CLASS RTOS Condition cause : null
2023-11-25 17:09:43,556 [WARN] ConditionMgr:1039 - genDependencies : Invalid condition id : UX DEVICE CLASS RTOS Condition cause : null
2023-11-25 17:09:43,558 [WARN] ConditionMgr:1039 - genDependencies : Invalid condition id : UX DEVICE CLASS RTOS Condition cause : null
2023-11-25 17:09:43,558 [WARN] ConditionMgr:1039 - genDependencies : Invalid condition id : UX DEVICE CLASS RTOS Condition cause : null
2023-11-25 17:09:43,576 [WARN] PackLoader:240 - Cannot read IP mode file for STMicroelectronics.X-CUBE-NFC7.1.0.1
2023-11-25 17:09:43,600 [WARN] PackLoader:240 - Cannot read IP mode file for STMicroelectronics.X-CUBE-NFC6.3.0.0
2023-11-25 17:09:43,617 [WARN] PackLoader:240 - Cannot read IP mode file for STMicroelectronics.X-CUBE-AI.8.1.0
2023-11-25 17:09:43,620 [INFO] WebApp:161 - Instantiating new browser for Auth
2023-11-25 17:09:43,707 [WARN] ConditionMgr:438 - getConditionDescription Invalid condition id : LAN8742 Phy interface Condition cause : null
2023-11-25 17:09:43,710 [WARN] PackLoader:240 - Cannot read IP mode file for STMicroelectronics.X-CUBE-AZRTOS-L4.2.0.0
2023-11-25 17:09:43,722 [WARN] ConditionMgr:1039 - genDependencies : Invalid condition id : LAN8742 Phy interface Condition cause : null
2023-11-25 17:09:43,722 [WARN] ConditionMgr:1039 - genDependencies : Invalid condition id : LAN8742 Phy interface Condition cause : null
2023-11-25 17:09:43,723 [WARN] ConditionMgr:1039 - genDependencies : Invalid condition id : LAN8742 Phy interface Condition cause : null
2023-11-25 17:09:43,760 [WARN] PackLoader:240 - Cannot read IP mode file for STMicroelectronics.X-CUBE-SFXS2LP1.4.0.0
2023-11-25 17:09:43,773 [WARN] PackLoader:240 - Cannot read IP mode file for STMicroelectronics.X-CUBE-ISPU.1.1.0
2023-11-25 17:09:43,810 [WARN] ConditionMgr:438 - getConditionDescription Invalid condition id : UX DEVICE CLASS RTOS Condition cause : null
2023-11-25 17:09:43,812 [WARN] ConditionMgr:438 - getConditionDescription Invalid condition id : UX DEVICE CLASS RTOS Condition cause : null
2023-11-25 17:09:43,818 [WARN] PackLoader:240 - Cannot read IP mode file for STMicroelectronics.X-CUBE-AZRTOS-WB.2.0.0
2023-11-25 17:09:43,819 [WARN] ConditionMgr:1039 - genDependencies : Invalid condition id : UX DEVICE CLASS RTOS Condition cause : null
2023-11-25 17:09:43,820 [WARN] ConditionMgr:1039 - genDependencies : Invalid condition id : UX DEVICE CLASS RTOS Condition cause : null
2023-11-25 17:09:43,823 [WARN] ConditionMgr:1039 - genDependencies : Invalid condition id : UX DEVICE CLASS RTOS Condition cause : null
2023-11-25 17:09:43,823 [WARN] ConditionMgr:1039 - genDependencies : Invalid condition id : UX DEVICE CLASS RTOS Condition cause : null
2023-11-25 17:09:43,823 [WARN] ConditionMgr:1039 - genDependencies : Invalid condition id : UX DEVICE CLASS RTOS Condition cause : null
2023-11-25 17:09:43,856 [WARN] PackLoader:240 - Cannot read IP mode file for STMicroelectronics.X-CUBE-SUBG2.5.0.0
2023-11-25 17:09:43,905 [WARN] PackLoader:240 - Cannot read IP mode file for STMicroelectronics.X-CUBE-AZRTOS-G4.2.0.0
2023-11-25 17:09:43,924 [WARN] PackLoader:240 - Cannot read IP mode file for STMicroelectronics.FP-SNS-MOTENVWB1.1.3.0
2023-11-25 17:09:44,028 [WARN] PackLoader:240 - Cannot read IP mode file for STMicroelectronics.X-CUBE-MEMS1.10.0.0
2023-11-25 17:09:44,569 [WARN] PackLoader:240 - Cannot read IP mode file for STMicroelectronics.X-CUBE-FREERTOS.1.1.0
2023-11-25 17:09:44,584 [WARN] PackLoader:240 - Cannot read IP mode file for STMicroelectronics.X-CUBE-ALS.1.0.1
2023-11-25 17:09:44,596 [WARN] PackLoader:240 - Cannot read IP mode file for STMicroelectronics.FP-ATR-ASTRA1.2.0.0
2023-11-25 17:09:44,598 [INFO] ThirdParty:978 - Integrity check success = true
2023-11-25 17:09:44,599 [INFO] IntegrityCheckThread:100 - exiting critical section [integrity check]
2023-11-25 17:09:44,599 [INFO] IntegrityCheckThread:103 - End integrity checks thread
2023-11-25 17:09:45,491 [INFO] WebApp:780 - Register for checkConnection events
2023-11-25 17:09:45,491 [INFO] WebApp:414 - Apply proxy settings
2023-11-25 17:09:45,493 [INFO] WebApp:499 - Chromium requires no authentication
2023-11-25 17:09:45,517 [INFO] WebApp:442 - Direct internet connection detected
2023-11-25 17:09:46,051 [INFO] WebApp:192 - Starting web application
2023-11-25 17:09:46,051 [INFO] WebApp:544 - Web application path used C:\ST\STM32CubeIDE_1.7.0\STM32CubeIDE\plugins\com.st.stm32cube.common.mx_6.10.0.202311202037\db\plugins\mcufinder\reactClient1\index.html
2023-11-25 17:10:08,205 [ERROR] LogOutputStream:75 - [STDERR_REDIRECT] SLF4J: Failed to load class "org.slf4j.impl.StaticLoggerBinder".
2023-11-25 17:10:08,209 [ERROR] LogOutputStream:75 - [STDERR_REDIRECT] SLF4J: Defaulting to no-operation (NOP) logger implementation
2023-11-25 17:10:08,218 [ERROR] LogOutputStream:75 - [STDERR_REDIRECT] SLF4J: See http://www.slf4j.org/codes.html#StaticLoggerBinder for further details.
2023-11-25 17:13:10,556 [ERROR] LogOutputStream:75 - [STDERR_REDIRECT] 
2023-11-25 17:13:10,559 [ERROR] LogOutputStream:75 - [STDERR_REDIRECT] 
2023-11-25 17:13:19,011 [INFO] Activator:176 - 


2023-11-25 17:13:19,014 [INFO] Activator:177 - !SESSION log4j initialized
2023-11-25 17:13:24,276 [INFO] LogOutputStream:77 - [STDOUT_REDIRECT] 
2023-11-25 17:13:25,837 [INFO] ApplicationProperties:184 - Using Application install path: C:\ST\STM32CubeIDE_1.7.0\STM32CubeIDE\plugins\com.st.stm32cube.common.mx_6.10.0.202311202037
2023-11-25 17:13:25,854 [INFO] DbMcusXml:78 - Set database path to: C:\ST\STM32CubeIDE_1.7.0\STM32CubeIDE\plugins\com.st.stm32cube.common.mx_6.10.0.202311202037\\db\/mcu/
2023-11-25 17:13:25,855 [INFO] ApiDb:274 - Set plugin database path to: C:\ST\STM32CubeIDE_1.7.0\STM32CubeIDE\plugins\com.st.stm32cube.common.mx_6.10.0.202311202037\\db\/plugins/boardmanager/
2023-11-25 17:13:25,855 [WARN] ApiDb:259 - Overriding images path with different value:  => C:\ST\STM32CubeIDE_1.7.0\STM32CubeIDE\plugins\com.st.stm32cube.common.mx_6.10.0.202311202037\\db\/plugins/mcufinder/images/
2023-11-25 17:13:25,862 [INFO] ApiDb:250 - Set database path to: C:\Users\morae\.stmcufinder\plugins\mcufinder//mcu/
2023-11-25 17:13:25,863 [INFO] DbMcusAds:125 - Set database path to: C:\Users\morae\.stmcufinder\plugins\mcufinder//mcu/
2023-11-25 17:13:25,866 [INFO] CrossReferenceDbSqlite:203 - Set database path to: C:\Users\morae\.stmcufinder\plugins\mcufinder//mcu/cs/
2023-11-25 17:13:25,989 [INFO] RulesReader:64 - Compatibility file has been processed (297 Rules)
2023-11-25 17:13:26,091 [INFO] DbMcusXml:78 - Set database path to: C:\ST\STM32CubeIDE_1.7.0\STM32CubeIDE\plugins\com.st.stm32cube.common.mx_6.10.0.202311202037\\db\/mcu/
2023-11-25 17:13:26,091 [INFO] ApiDb:274 - Set plugin database path to: C:\ST\STM32CubeIDE_1.7.0\STM32CubeIDE\plugins\com.st.stm32cube.common.mx_6.10.0.202311202037\\db\/plugins/boardmanager/
2023-11-25 17:13:26,091 [INFO] ApiDb:261 - Set plugin images path to: C:\ST\STM32CubeIDE_1.7.0\STM32CubeIDE\plugins\com.st.stm32cube.common.mx_6.10.0.202311202037\\db\/plugins/mcufinder/images/
2023-11-25 17:13:26,092 [WARN] DbFile:41 - Overriding database path with different value: C:\Users\morae\.stmcufinder\plugins\mcufinder/ => C:\Users\morae\.stmcufinder\plugins\mcufinder
2023-11-25 17:13:26,092 [INFO] ApiDb:250 - Set database path to: C:\Users\morae\.stmcufinder\plugins\mcufinder//mcu/
2023-11-25 17:13:26,092 [WARN] DbFile:41 - Overriding database path with different value: C:\Users\morae\.stmcufinder\plugins\mcufinder/ => C:\Users\morae\.stmcufinder\plugins\mcufinder
2023-11-25 17:13:26,092 [INFO] DbMcusAds:125 - Set database path to: C:\Users\morae\.stmcufinder\plugins\mcufinder//mcu/
2023-11-25 17:13:26,092 [WARN] DbFile:41 - Overriding database path with different value: C:\Users\morae\.stmcufinder\plugins\mcufinder/ => C:\Users\morae\.stmcufinder\plugins\mcufinder
2023-11-25 17:13:26,092 [WARN] DbFile:41 - Overriding database path with different value: C:\Users\morae\.stmcufinder\plugins\mcufinder/ => C:\Users\morae\.stmcufinder\plugins\mcufinder
2023-11-25 17:13:26,093 [INFO] CrossReferenceDbSqlite:203 - Set database path to: C:\Users\morae\.stmcufinder\plugins\mcufinder//mcu/cs/
2023-11-25 17:13:26,187 [INFO] MainPanel:264 - HeapMemory: 268435456
2023-11-25 17:13:26,265 [INFO] DbMcusXml:78 - Set database path to: C:\ST\STM32CubeIDE_1.7.0\STM32CubeIDE\plugins\com.st.stm32cube.common.mx_6.10.0.202311202037\\db\/mcu/
2023-11-25 17:13:26,265 [INFO] ApiDb:274 - Set plugin database path to: C:\ST\STM32CubeIDE_1.7.0\STM32CubeIDE\plugins\com.st.stm32cube.common.mx_6.10.0.202311202037\\db\/plugins/boardmanager/
2023-11-25 17:13:26,265 [INFO] ApiDb:261 - Set plugin images path to: C:\ST\STM32CubeIDE_1.7.0\STM32CubeIDE\plugins\com.st.stm32cube.common.mx_6.10.0.202311202037\\db\/plugins/mcufinder/images/
2023-11-25 17:13:26,265 [WARN] DbFile:41 - Overriding database path with different value: C:\Users\morae\.stmcufinder\plugins\mcufinder/ => C:\Users\morae\.stmcufinder\plugins\mcufinder
2023-11-25 17:13:26,266 [INFO] ApiDb:250 - Set database path to: C:\Users\morae\.stmcufinder\plugins\mcufinder//mcu/
2023-11-25 17:13:26,266 [WARN] DbFile:41 - Overriding database path with different value: C:\Users\morae\.stmcufinder\plugins\mcufinder/ => C:\Users\morae\.stmcufinder\plugins\mcufinder
2023-11-25 17:13:26,266 [INFO] DbMcusAds:125 - Set database path to: C:\Users\morae\.stmcufinder\plugins\mcufinder//mcu/
2023-11-25 17:13:26,266 [WARN] DbFile:41 - Overriding database path with different value: C:\Users\morae\.stmcufinder\plugins\mcufinder/ => C:\Users\morae\.stmcufinder\plugins\mcufinder
2023-11-25 17:13:26,266 [WARN] DbFile:41 - Overriding database path with different value: C:\Users\morae\.stmcufinder\plugins\mcufinder/ => C:\Users\morae\.stmcufinder\plugins\mcufinder
2023-11-25 17:13:26,266 [INFO] CrossReferenceDbSqlite:203 - Set database path to: C:\Users\morae\.stmcufinder\plugins\mcufinder//mcu/cs/
2023-11-25 17:13:26,286 [INFO] ApplicationProperties:184 - Using Application install path: C:\ST\STM32CubeIDE_1.7.0\STM32CubeIDE\plugins\com.st.stm32cube.common.mx_6.10.0.202311202037
2023-11-25 17:13:26,287 [INFO] PluginManage:196 - Search for loadable plugins [exclusion list=, ]
2023-11-25 17:13:26,289 [INFO] PluginManage:310 - Check plugin analytics
2023-11-25 17:13:26,550 [INFO] AnalyticsPlugin:253 - Accepted Software Licenses: 
2023-11-25 17:13:26,550 [INFO] AnalyticsPlugin:255 - Accepted CMSIS Pack Licenses: 
2023-11-25 17:13:26,551 [INFO] AnalyticsPlugin:257 - Accepted Firmware Licenses: 
2023-11-25 17:13:26,555 [INFO] PluginManage:359 - Loaded plugin analytics (category:tool,tabindex:-1)
2023-11-25 17:13:26,556 [INFO] PluginManage:310 - Check plugin cadmodel
2023-11-25 17:13:26,562 [INFO] CADModel:105 - Init CAD model plugin
2023-11-25 17:13:26,562 [INFO] PluginManage:359 - Loaded plugin cadmodel (category:power,tabindex:5)
2023-11-25 17:13:26,562 [INFO] PluginManage:310 - Check plugin clock
2023-11-25 17:13:26,573 [INFO] PluginManage:359 - Loaded plugin clock (category:base,tabindex:2)
2023-11-25 17:13:26,573 [INFO] PluginManage:310 - Check plugin ddr
2023-11-25 17:13:26,576 [INFO] PluginManage:359 - Loaded plugin ddr (category:tool,tabindex:6)
2023-11-25 17:13:26,577 [INFO] PluginManage:310 - Check plugin filemanager
2023-11-25 17:13:26,800 [INFO] PluginManage:359 - Loaded plugin filemanager (category:base,tabindex:10)
2023-11-25 17:13:26,800 [INFO] PluginManage:310 - Check plugin ipmanager
2023-11-25 17:13:26,808 [INFO] PluginManage:359 - Loaded plugin ipmanager (category:base,tabindex:5)
2023-11-25 17:13:26,808 [INFO] PluginManage:310 - Check plugin lpbam
2023-11-25 17:13:26,818 [INFO] PluginManage:359 - Loaded plugin lpbam (category:base,tabindex:0)
2023-11-25 17:13:26,818 [INFO] PluginManage:310 - Check plugin memorymap
2023-11-25 17:13:26,834 [INFO] PluginManage:359 - Loaded plugin memorymap (category:base,tabindex:4)
2023-11-25 17:13:26,834 [INFO] PluginManage:310 - Check plugin pinoutandconfiguration
2023-11-25 17:13:26,843 [INFO] PluginManage:359 - Loaded plugin pinoutandconfiguration (category:base,tabindex:1)
2023-11-25 17:13:26,844 [INFO] PluginManage:310 - Check plugin pinoutconfig
2023-11-25 17:13:26,956 [WARN] SupportedApi:132 - Cannot load RTOS API schema: s4s-elt-must-match.1: The content of 'definitions' must match (annotation?, (simpleType | complexType)?, (unique | key | keyref)*)). A problem was found starting at: attribute.
2023-11-25 17:13:27,079 [INFO] PluginManage:359 - Loaded plugin pinoutconfig (category:base,tabindex:0)
2023-11-25 17:13:27,079 [INFO] PluginManage:310 - Check plugin power
2023-11-25 17:13:27,090 [INFO] PluginManage:359 - Loaded plugin power (category:power,tabindex:4)
2023-11-25 17:13:27,090 [INFO] PluginManage:310 - Check plugin projectmanager
2023-11-25 17:13:27,112 [INFO] PluginManage:359 - Loaded plugin projectmanager (category:projectmanager,tabindex:3)
2023-11-25 17:13:27,112 [INFO] PluginManage:310 - Check plugin thirdparty
2023-11-25 17:13:27,302 [INFO] PluginManage:359 - Loaded plugin thirdparty (category:base,tabindex:-1)
2023-11-25 17:13:27,302 [INFO] PluginManage:310 - Check plugin tools
2023-11-25 17:13:27,302 [WARN] IntegrityCheckThread:84 - waiting for thirdparty lock release [integrity check]
2023-11-25 17:13:27,303 [INFO] IntegrityCheckThread:86 - entering critical section [integrity check]
2023-11-25 17:13:27,305 [INFO] ThirdPartyUpdaterWithRetryManager:70 - Updater plugin not ready yet. [1/15]
2023-11-25 17:13:27,307 [INFO] PluginManage:359 - Loaded plugin tools (category:base,tabindex:7)
2023-11-25 17:13:27,307 [INFO] PluginManage:310 - Check plugin tutovideos
2023-11-25 17:13:27,489 [INFO] PluginManage:359 - Loaded plugin tutovideos (category:base,tabindex:-1)
2023-11-25 17:13:27,489 [INFO] PluginManage:310 - Check plugin updater
2023-11-25 17:13:27,502 [INFO] PluginManage:359 - Loaded plugin updater (category:base,tabindex:12)
2023-11-25 17:13:27,502 [INFO] PluginManage:310 - Check plugin userauth
2023-11-25 17:13:27,509 [INFO] UserAuth:114 - Init User Auth plugin
2023-11-25 17:13:27,510 [INFO] PluginManage:359 - Loaded plugin userauth (category:base,tabindex:14)
2023-11-25 17:13:27,510 [INFO] PluginManage:283 - PluginManage : Loaded plugins [17]
2023-11-25 17:13:27,833 [INFO] PinOutPanel:1499 - setPackage(No Configuration,No Configuration)
2023-11-25 17:13:27,922 [INFO] CADModel:165 - CPN selected for project level
2023-11-25 17:13:27,923 [INFO] CADModel:114 - Register for checkConnection events
2023-11-25 17:13:27,938 [INFO] IPUIPlugin:80 - create IPUIPlugin
2023-11-25 17:13:27,938 [INFO] PluginManager:220 - loadIPPluginJar : add adc
2023-11-25 17:13:27,941 [INFO] IPUIPlugin:80 - create IPUIPlugin
2023-11-25 17:13:27,941 [INFO] PluginManager:220 - loadIPPluginJar : add aes
2023-11-25 17:13:27,944 [INFO] IPUIPlugin:80 - create IPUIPlugin
2023-11-25 17:13:27,944 [INFO] PluginManager:220 - loadIPPluginJar : add can
2023-11-25 17:13:27,945 [INFO] IPUIPlugin:80 - create IPUIPlugin
2023-11-25 17:13:27,946 [INFO] PluginManager:220 - loadIPPluginJar : add comp
2023-11-25 17:13:27,948 [INFO] IPUIPlugin:80 - create IPUIPlugin
2023-11-25 17:13:27,948 [INFO] PluginManager:220 - loadIPPluginJar : add cryp
2023-11-25 17:13:27,951 [INFO] IPUIPlugin:80 - create IPUIPlugin
2023-11-25 17:13:27,951 [INFO] PluginManager:220 - loadIPPluginJar : add dfsdm
2023-11-25 17:13:27,956 [INFO] IPUIPlugin:80 - create IPUIPlugin
2023-11-25 17:13:27,957 [INFO] PluginManager:220 - loadIPPluginJar : add dma
2023-11-25 17:13:27,959 [INFO] IPUIPlugin:80 - create IPUIPlugin
2023-11-25 17:13:27,959 [INFO] PluginManager:220 - loadIPPluginJar : add dma3
2023-11-25 17:13:27,960 [INFO] IPUIPlugin:80 - create IPUIPlugin
2023-11-25 17:13:27,960 [INFO] PluginManager:220 - loadIPPluginJar : add fatfs
2023-11-25 17:13:27,964 [INFO] IPUIPlugin:80 - create IPUIPlugin
2023-11-25 17:13:27,964 [INFO] PluginManager:220 - loadIPPluginJar : add fmc
2023-11-25 17:13:27,968 [INFO] IPUIPlugin:80 - create IPUIPlugin
2023-11-25 17:13:27,969 [INFO] PluginManager:220 - loadIPPluginJar : add freertos
2023-11-25 17:13:27,970 [INFO] IPUIPlugin:80 - create IPUIPlugin
2023-11-25 17:13:27,970 [INFO] PluginManager:220 - loadIPPluginJar : add genericplugin
2023-11-25 17:13:27,972 [INFO] IPUIPlugin:80 - create IPUIPlugin
2023-11-25 17:13:27,973 [INFO] PluginManager:220 - loadIPPluginJar : add gfxmmu
2023-11-25 17:13:27,978 [INFO] IPUIPlugin:80 - create IPUIPlugin
2023-11-25 17:13:27,978 [INFO] PluginManager:220 - loadIPPluginJar : add gic
2023-11-25 17:13:27,982 [INFO] IPUIPlugin:80 - create IPUIPlugin
2023-11-25 17:13:27,983 [INFO] PluginManager:220 - loadIPPluginJar : add gpio
2023-11-25 17:13:27,986 [INFO] IPUIPlugin:80 - create IPUIPlugin
2023-11-25 17:13:27,986 [INFO] PluginManager:220 - loadIPPluginJar : add gtzc
2023-11-25 17:13:27,989 [INFO] IPUIPlugin:80 - create IPUIPlugin
2023-11-25 17:13:27,989 [INFO] PluginManager:220 - loadIPPluginJar : add hash
2023-11-25 17:13:27,992 [INFO] IPUIPlugin:80 - create IPUIPlugin
2023-11-25 17:13:27,992 [INFO] PluginManager:220 - loadIPPluginJar : add i2c
2023-11-25 17:13:27,995 [INFO] IPUIPlugin:80 - create IPUIPlugin
2023-11-25 17:13:27,996 [INFO] PluginManager:220 - loadIPPluginJar : add i2s
2023-11-25 17:13:27,998 [INFO] IPUIPlugin:80 - create IPUIPlugin
2023-11-25 17:13:27,998 [INFO] PluginManager:220 - loadIPPluginJar : add i3c
2023-11-25 17:13:28,002 [INFO] IPUIPlugin:80 - create IPUIPlugin
2023-11-25 17:13:28,002 [INFO] PluginManager:220 - loadIPPluginJar : add ipddr
2023-11-25 17:13:28,012 [INFO] IPUIPlugin:80 - create IPUIPlugin
2023-11-25 17:13:28,012 [INFO] PluginManager:220 - loadIPPluginJar : add linkedlist
2023-11-25 17:13:28,015 [INFO] IPUIPlugin:80 - create IPUIPlugin
2023-11-25 17:13:28,016 [INFO] PluginManager:220 - loadIPPluginJar : add lorawan
2023-11-25 17:13:28,017 [INFO] IPUIPlugin:80 - create IPUIPlugin
2023-11-25 17:13:28,018 [INFO] PluginManager:220 - loadIPPluginJar : add ltdc
2023-11-25 17:13:28,024 [INFO] IPUIPlugin:80 - create IPUIPlugin
2023-11-25 17:13:28,024 [INFO] PluginManager:220 - loadIPPluginJar : add mdma
2023-11-25 17:13:28,029 [INFO] IPUIPlugin:80 - create IPUIPlugin
2023-11-25 17:13:28,030 [INFO] PluginManager:220 - loadIPPluginJar : add nvic
2023-11-25 17:13:28,033 [INFO] IPUIPlugin:80 - create IPUIPlugin
2023-11-25 17:13:28,033 [INFO] PluginManager:220 - loadIPPluginJar : add opamp
2023-11-25 17:13:28,037 [INFO] IPUIPlugin:80 - create IPUIPlugin
2023-11-25 17:13:28,038 [INFO] PluginManager:220 - loadIPPluginJar : add openamp
2023-11-25 17:13:28,041 [INFO] IPUIPlugin:80 - create IPUIPlugin
2023-11-25 17:13:28,042 [INFO] PluginManager:220 - loadIPPluginJar : add pdm2pcm
2023-11-25 17:13:28,049 [INFO] IPUIPlugin:80 - create IPUIPlugin
2023-11-25 17:13:28,053 [INFO] PluginManager:220 - loadIPPluginJar : add plateformsettings
2023-11-25 17:13:28,056 [INFO] IPUIPlugin:80 - create IPUIPlugin
2023-11-25 17:13:28,057 [INFO] PluginManager:220 - loadIPPluginJar : add quadspi
2023-11-25 17:13:28,061 [INFO] IPUIPlugin:80 - create IPUIPlugin
2023-11-25 17:13:28,062 [INFO] PluginManager:220 - loadIPPluginJar : add resmgrutility
2023-11-25 17:13:28,066 [INFO] IPUIPlugin:80 - create IPUIPlugin
2023-11-25 17:13:28,066 [INFO] PluginManager:220 - loadIPPluginJar : add sai
2023-11-25 17:13:28,068 [INFO] IPUIPlugin:80 - create IPUIPlugin
2023-11-25 17:13:28,068 [INFO] PluginManager:220 - loadIPPluginJar : add spi
2023-11-25 17:13:28,074 [INFO] IPUIPlugin:80 - create IPUIPlugin
2023-11-25 17:13:28,074 [INFO] PluginManager:220 - loadIPPluginJar : add stm32_wpan
2023-11-25 17:13:28,076 [INFO] IPUIPlugin:80 - create IPUIPlugin
2023-11-25 17:13:28,076 [INFO] PluginManager:220 - loadIPPluginJar : add tim
2023-11-25 17:13:28,079 [INFO] IPUIPlugin:80 - create IPUIPlugin
2023-11-25 17:13:28,079 [INFO] PluginManager:220 - loadIPPluginJar : add touchsensing
2023-11-25 17:13:28,081 [INFO] IPUIPlugin:80 - create IPUIPlugin
2023-11-25 17:13:28,081 [INFO] PluginManager:220 - loadIPPluginJar : add tracer_emb
2023-11-25 17:13:28,083 [INFO] IPUIPlugin:80 - create IPUIPlugin
2023-11-25 17:13:28,084 [INFO] PluginManager:220 - loadIPPluginJar : add ts
2023-11-25 17:13:28,085 [INFO] IPUIPlugin:80 - create IPUIPlugin
2023-11-25 17:13:28,085 [INFO] PluginManager:220 - loadIPPluginJar : add tsc
2023-11-25 17:13:28,087 [INFO] IPUIPlugin:80 - create IPUIPlugin
2023-11-25 17:13:28,087 [INFO] PluginManager:220 - loadIPPluginJar : add ucpd
2023-11-25 17:13:28,090 [INFO] IPUIPlugin:80 - create IPUIPlugin
2023-11-25 17:13:28,090 [INFO] PluginManager:220 - loadIPPluginJar : add usart
2023-11-25 17:13:28,094 [INFO] IPUIPlugin:80 - create IPUIPlugin
2023-11-25 17:13:28,094 [INFO] PluginManager:220 - loadIPPluginJar : add usbx
2023-11-25 17:13:28,246 [INFO] CADModel:165 - CPN selected for project level
2023-11-25 17:13:28,246 [INFO] CADModel:114 - Register for checkConnection events
2023-11-25 17:13:28,246 [FATAL] Updater:308 - Updater called before beeing initialized
2023-11-25 17:13:28,247 [ERROR] CADModel:125 - Updater not yet initialized, retry later 
2023-11-25 17:13:28,423 [INFO] CADModel:165 - CPN selected for project level
2023-11-25 17:13:28,424 [INFO] CADModel:114 - Register for checkConnection events
2023-11-25 17:13:28,424 [FATAL] Updater:308 - Updater called before beeing initialized
2023-11-25 17:13:28,424 [ERROR] CADModel:125 - Updater not yet initialized, retry later 
2023-11-25 17:13:28,427 [FATAL] Updater:308 - Updater called before beeing initialized
2023-11-25 17:13:28,593 [FATAL] Updater:308 - Updater called before beeing initialized
2023-11-25 17:13:28,598 [INFO] DbMcusAds:53 - JSON generation date=Tue Mar 07 09:50:55 CET 2023 (1678179055335)
2023-11-25 17:13:28,599 [FATAL] Updater:308 - Updater called before beeing initialized
2023-11-25 17:13:28,639 [WARN] DetailPanel:346 - Failed to get advertising image, set to default
2023-11-25 17:13:28,733 [FATAL] Updater:308 - Updater called before beeing initialized
2023-11-25 17:13:28,735 [FATAL] Updater:308 - Updater called before beeing initialized
2023-11-25 17:13:28,735 [FATAL] Updater:308 - Updater called before beeing initialized
2023-11-25 17:13:28,735 [WARN] DetailPanel:346 - Failed to get advertising image, set to default
2023-11-25 17:13:28,736 [FATAL] Updater:308 - Updater called before beeing initialized
2023-11-25 17:13:28,784 [ERROR] Updater:1120 - MainUpdater not yet initialized. External WinMGr cannot be set.
2023-11-25 17:13:28,786 [INFO] Updater:1056 - Updater Version found : 6.10.0
2023-11-25 17:13:28,806 [INFO] ApplicationProperties:184 - Using Application install path: C:\ST\STM32CubeIDE_1.7.0\STM32CubeIDE\plugins\com.st.stm32cube.common.mx_6.10.0.202311202037
2023-11-25 17:13:30,306 [INFO] ThirdPartyUpdaterWithRetryManager:70 - Updater plugin not ready yet. [2/15]
2023-11-25 17:13:30,389 [ERROR] LogOutputStream:75 - [STDERR_REDIRECT] Nov 25, 2023 5:13:30 PM java.util.prefs.WindowsPreferences <init>
2023-11-25 17:13:30,392 [ERROR] LogOutputStream:75 - [STDERR_REDIRECT] WARNING: Could not open/create prefs root node Software\JavaSoft\Prefs at root 0xffffffff80000002. Windows RegCreateKeyEx(...) returned error code 5.
2023-11-25 17:13:30,393 [ERROR] LogOutputStream:75 - [STDERR_REDIRECT] 
2023-11-25 17:13:30,756 [INFO] MainUpdater:2873 - connection check result : 10
2023-11-25 17:13:30,757 [INFO] MainUpdater:290 - Updater Check For Update Now.
2023-11-25 17:13:30,757 [INFO] MicroXplorer:498 - Change Database Version : DB.6.0.100
2023-11-25 17:13:30,769 [INFO] McuFinderGlobals:63 - Set McuFinder mode to 2 (CubeIDE integrated)
2023-11-25 17:13:30,780 [INFO] UserAuth:404 - Internet connection configuration mode: 1
2023-11-25 17:13:30,802 [INFO] JxBrowserEngine:152 - Initiate JxBrowser Engine with user profile folder
2023-11-25 17:13:30,982 [INFO] CheckServerUpdateThread:120 - End of CheckServer Thread
2023-11-25 17:13:31,635 [INFO] WebApp:161 - Instantiating new browser for Auth
2023-11-25 17:13:32,438 [INFO] WebApp:780 - Register for checkConnection events
2023-11-25 17:13:32,438 [INFO] WebApp:414 - Apply proxy settings
2023-11-25 17:13:32,439 [INFO] WebApp:499 - Chromium requires no authentication
2023-11-25 17:13:32,451 [INFO] WebApp:442 - Direct internet connection detected
2023-11-25 17:13:32,605 [INFO] WebApp:192 - Starting web application
2023-11-25 17:13:32,605 [INFO] WebApp:544 - Web application path used C:\ST\STM32CubeIDE_1.7.0\STM32CubeIDE\plugins\com.st.stm32cube.common.mx_6.10.0.202311202037\db\plugins\mcufinder\reactClient1\index.html
2023-11-25 17:13:33,547 [WARN] PackLoader:240 - Cannot read IP mode file for STMicroelectronics.X-CUBE-SMBUS.2.1.0
2023-11-25 17:13:33,625 [WARN] PackLoader:240 - Cannot read IP mode file for STMicroelectronics.X-CUBE-AZRTOS-F7.1.1.0
2023-11-25 17:13:33,663 [WARN] PackLoader:240 - Cannot read IP mode file for STMicroelectronics.FP-SNS-MOTENV1.4.3.2
2023-11-25 17:13:33,677 [WARN] PackLoader:240 - Cannot read IP mode file for STMicroelectronics.FP-SNS-FLIGHT1.5.0.2
2023-11-25 17:13:33,694 [WARN] PackLoader:240 - Cannot read IP mode file for STMicroelectronics.X-CUBE-DISPLAY.3.0.0
2023-11-25 17:13:33,717 [WARN] PackLoader:240 - Cannot read IP mode file for STMicroelectronics.X-CUBE-BLE1.7.0.0
2023-11-25 17:13:33,728 [WARN] PackLoader:240 - Cannot read IP mode file for STMicroelectronics.X-CUBE-TOUCHGFX.4.22.1
2023-11-25 17:13:33,735 [WARN] PackLoader:240 - Cannot read IP mode file for STMicroelectronics.FP-SNS-SMARTAG2.1.2.0
2023-11-25 17:13:33,760 [INFO] LogOutputStream:77 - [STDOUT_REDIRECT] 1 : Invalid condition id : UX_CORESTACK_Condition cause : null
2023-11-25 17:13:33,760 [INFO] LogOutputStream:77 - [STDOUT_REDIRECT] 1 : Invalid condition id : UX_CORESTACK_Condition cause : null
2023-11-25 17:13:33,762 [INFO] LogOutputStream:77 - [STDOUT_REDIRECT] 1 : Invalid condition id : UX_CORESTACK_Condition cause : null
2023-11-25 17:13:33,763 [INFO] LogOutputStream:77 - [STDOUT_REDIRECT] 1 : Invalid condition id : UX_CORESTACK_Condition cause : null
2023-11-25 17:13:33,764 [INFO] LogOutputStream:77 - [STDOUT_REDIRECT] 1 : Invalid condition id : UX_CORESTACK_Condition cause : null
2023-11-25 17:13:33,770 [WARN] PackLoader:240 - Cannot read IP mode file for STMicroelectronics.X-CUBE-AZRTOS-WL.2.0.0
2023-11-25 17:13:33,785 [WARN] PackLoader:240 - Cannot read IP mode file for STMicroelectronics.X-CUBE-BLE2.3.3.0
2023-11-25 17:13:33,800 [WARN] PackLoader:240 - Cannot read IP mode file for STMicroelectronics.X-CUBE-ALGOBUILD.1.3.0
2023-11-25 17:13:33,834 [WARN] PackLoader:240 - Cannot read IP mode file for STMicroelectronics.X-CUBE-AZRTOS-G0.1.1.0
2023-11-25 17:13:33,847 [WARN] PackLoader:240 - Cannot read IP mode file for STMicroelectronics.X-CUBE-NFC4.3.0.0
2023-11-25 17:13:33,866 [WARN] PackLoader:240 - Cannot read IP mode file for STMicroelectronics.X-CUBE-BLEMGR.3.0.0
2023-11-25 17:13:33,878 [WARN] PackLoader:240 - Cannot read IP mode file for STMicroelectronics.FP-ATR-SIGFOX1.3.2.0
2023-11-25 17:13:33,888 [WARN] PackLoader:240 - Cannot read IP mode file for STMicroelectronics.X-CUBE-GNSS1.6.0.0
2023-11-25 17:13:33,915 [WARN] PackLoader:240 - Cannot read IP mode file for STMicroelectronics.X-CUBE-AZRTOS-F4.1.1.0
2023-11-25 17:13:33,963 [WARN] PackLoader:240 - Cannot read IP mode file for STMicroelectronics.X-CUBE-AZRTOS-L5.2.0.0
2023-11-25 17:13:33,984 [WARN] PackLoader:240 - Cannot read IP mode file for STMicroelectronics.X-CUBE-EEPRMA1.4.2.0
2023-11-25 17:13:34,015 [WARN] ConditionMgr:438 - getConditionDescription Invalid condition id : UX DEVICE CLASS RTOS Condition cause : null
2023-11-25 17:13:34,016 [WARN] ConditionMgr:438 - getConditionDescription Invalid condition id : UX DEVICE CLASS RTOS Condition cause : null
2023-11-25 17:13:34,019 [WARN] PackLoader:240 - Cannot read IP mode file for STMicroelectronics.X-CUBE-AZRTOS-H7.3.1.0
2023-11-25 17:13:34,022 [WARN] ConditionMgr:1039 - genDependencies : Invalid condition id : UX DEVICE CLASS RTOS Condition cause : null
2023-11-25 17:13:34,023 [WARN] ConditionMgr:1039 - genDependencies : Invalid condition id : UX DEVICE CLASS RTOS Condition cause : null
2023-11-25 17:13:34,024 [WARN] ConditionMgr:1039 - genDependencies : Invalid condition id : UX DEVICE CLASS RTOS Condition cause : null
2023-11-25 17:13:34,025 [WARN] ConditionMgr:1039 - genDependencies : Invalid condition id : UX DEVICE CLASS RTOS Condition cause : null
2023-11-25 17:13:34,025 [WARN] ConditionMgr:1039 - genDependencies : Invalid condition id : UX DEVICE CLASS RTOS Condition cause : null
2023-11-25 17:13:34,033 [WARN] PackLoader:240 - Cannot read IP mode file for STMicroelectronics.X-CUBE-NFC7.1.0.1
2023-11-25 17:13:34,045 [WARN] PackLoader:240 - Cannot read IP mode file for STMicroelectronics.X-CUBE-NFC6.3.0.0
2023-11-25 17:13:34,070 [WARN] PackLoader:240 - Cannot read IP mode file for STMicroelectronics.X-CUBE-AI.8.1.0
2023-11-25 17:13:34,106 [WARN] ConditionMgr:438 - getConditionDescription Invalid condition id : LAN8742 Phy interface Condition cause : null
2023-11-25 17:13:34,109 [WARN] PackLoader:240 - Cannot read IP mode file for STMicroelectronics.X-CUBE-AZRTOS-L4.2.0.0
2023-11-25 17:13:34,111 [WARN] ConditionMgr:1039 - genDependencies : Invalid condition id : LAN8742 Phy interface Condition cause : null
2023-11-25 17:13:34,112 [WARN] ConditionMgr:1039 - genDependencies : Invalid condition id : LAN8742 Phy interface Condition cause : null
2023-11-25 17:13:34,113 [WARN] ConditionMgr:1039 - genDependencies : Invalid condition id : LAN8742 Phy interface Condition cause : null
2023-11-25 17:13:34,130 [WARN] PackLoader:240 - Cannot read IP mode file for STMicroelectronics.X-CUBE-SFXS2LP1.4.0.0
2023-11-25 17:13:34,139 [WARN] PackLoader:240 - Cannot read IP mode file for STMicroelectronics.X-CUBE-ISPU.1.1.0
2023-11-25 17:13:34,163 [WARN] ConditionMgr:438 - getConditionDescription Invalid condition id : UX DEVICE CLASS RTOS Condition cause : null
2023-11-25 17:13:34,163 [WARN] ConditionMgr:438 - getConditionDescription Invalid condition id : UX DEVICE CLASS RTOS Condition cause : null
2023-11-25 17:13:34,166 [WARN] PackLoader:240 - Cannot read IP mode file for STMicroelectronics.X-CUBE-AZRTOS-WB.2.0.0
2023-11-25 17:13:34,189 [WARN] ConditionMgr:1039 - genDependencies : Invalid condition id : UX DEVICE CLASS RTOS Condition cause : null
2023-11-25 17:13:34,190 [WARN] ConditionMgr:1039 - genDependencies : Invalid condition id : UX DEVICE CLASS RTOS Condition cause : null
2023-11-25 17:13:34,192 [WARN] ConditionMgr:1039 - genDependencies : Invalid condition id : UX DEVICE CLASS RTOS Condition cause : null
2023-11-25 17:13:34,193 [WARN] ConditionMgr:1039 - genDependencies : Invalid condition id : UX DEVICE CLASS RTOS Condition cause : null
2023-11-25 17:13:34,193 [WARN] ConditionMgr:1039 - genDependencies : Invalid condition id : UX DEVICE CLASS RTOS Condition cause : null
2023-11-25 17:13:34,213 [WARN] PackLoader:240 - Cannot read IP mode file for STMicroelectronics.X-CUBE-SUBG2.5.0.0
2023-11-25 17:13:34,265 [WARN] PackLoader:240 - Cannot read IP mode file for STMicroelectronics.X-CUBE-AZRTOS-G4.2.0.0
2023-11-25 17:13:34,276 [WARN] PackLoader:240 - Cannot read IP mode file for STMicroelectronics.FP-SNS-MOTENVWB1.1.3.0
2023-11-25 17:13:34,335 [WARN] PackLoader:240 - Cannot read IP mode file for STMicroelectronics.X-CUBE-MEMS1.10.0.0
2023-11-25 17:13:34,545 [WARN] PackLoader:240 - Cannot read IP mode file for STMicroelectronics.X-CUBE-FREERTOS.1.1.0
2023-11-25 17:13:34,552 [WARN] PackLoader:240 - Cannot read IP mode file for STMicroelectronics.X-CUBE-ALS.1.0.1
2023-11-25 17:13:34,559 [WARN] PackLoader:240 - Cannot read IP mode file for STMicroelectronics.FP-ATR-ASTRA1.2.0.0
2023-11-25 17:13:34,561 [INFO] ThirdParty:978 - Integrity check success = true
2023-11-25 17:13:34,561 [INFO] IntegrityCheckThread:100 - exiting critical section [integrity check]
2023-11-25 17:13:34,561 [INFO] IntegrityCheckThread:103 - End integrity checks thread
2023-11-25 17:13:53,634 [ERROR] LogOutputStream:75 - [STDERR_REDIRECT] SLF4J: Failed to load class "org.slf4j.impl.StaticLoggerBinder".
2023-11-25 17:13:53,636 [ERROR] LogOutputStream:75 - [STDERR_REDIRECT] SLF4J: Defaulting to no-operation (NOP) logger implementation
2023-11-25 17:13:53,640 [ERROR] LogOutputStream:75 - [STDERR_REDIRECT] SLF4J: See http://www.slf4j.org/codes.html#StaticLoggerBinder for further details.
2023-11-25 17:21:18,726 [ERROR] LogOutputStream:75 - [STDERR_REDIRECT] 
2023-11-25 17:22:00,942 [INFO] Activator:176 - 


2023-11-25 17:22:00,945 [INFO] Activator:177 - !SESSION log4j initialized
2023-11-25 17:22:06,321 [INFO] LogOutputStream:77 - [STDOUT_REDIRECT] 
2023-11-25 17:22:08,130 [INFO] ApplicationProperties:184 - Using Application install path: C:\ST\STM32CubeIDE_1.7.0\STM32CubeIDE\plugins\com.st.stm32cube.common.mx_6.10.0.202311202037
2023-11-25 17:22:08,151 [INFO] DbMcusXml:78 - Set database path to: C:\ST\STM32CubeIDE_1.7.0\STM32CubeIDE\plugins\com.st.stm32cube.common.mx_6.10.0.202311202037\\db\/mcu/
2023-11-25 17:22:08,151 [INFO] ApiDb:274 - Set plugin database path to: C:\ST\STM32CubeIDE_1.7.0\STM32CubeIDE\plugins\com.st.stm32cube.common.mx_6.10.0.202311202037\\db\/plugins/boardmanager/
2023-11-25 17:22:08,152 [WARN] ApiDb:259 - Overriding images path with different value:  => C:\ST\STM32CubeIDE_1.7.0\STM32CubeIDE\plugins\com.st.stm32cube.common.mx_6.10.0.202311202037\\db\/plugins/mcufinder/images/
2023-11-25 17:22:08,159 [INFO] ApiDb:250 - Set database path to: C:\Users\morae\.stmcufinder\plugins\mcufinder//mcu/
2023-11-25 17:22:08,160 [INFO] DbMcusAds:125 - Set database path to: C:\Users\morae\.stmcufinder\plugins\mcufinder//mcu/
2023-11-25 17:22:08,162 [INFO] CrossReferenceDbSqlite:203 - Set database path to: C:\Users\morae\.stmcufinder\plugins\mcufinder//mcu/cs/
2023-11-25 17:22:08,318 [INFO] RulesReader:64 - Compatibility file has been processed (297 Rules)
2023-11-25 17:22:08,421 [INFO] DbMcusXml:78 - Set database path to: C:\ST\STM32CubeIDE_1.7.0\STM32CubeIDE\plugins\com.st.stm32cube.common.mx_6.10.0.202311202037\\db\/mcu/
2023-11-25 17:22:08,422 [INFO] ApiDb:274 - Set plugin database path to: C:\ST\STM32CubeIDE_1.7.0\STM32CubeIDE\plugins\com.st.stm32cube.common.mx_6.10.0.202311202037\\db\/plugins/boardmanager/
2023-11-25 17:22:08,422 [INFO] ApiDb:261 - Set plugin images path to: C:\ST\STM32CubeIDE_1.7.0\STM32CubeIDE\plugins\com.st.stm32cube.common.mx_6.10.0.202311202037\\db\/plugins/mcufinder/images/
2023-11-25 17:22:08,422 [WARN] DbFile:41 - Overriding database path with different value: C:\Users\morae\.stmcufinder\plugins\mcufinder/ => C:\Users\morae\.stmcufinder\plugins\mcufinder
2023-11-25 17:22:08,422 [INFO] ApiDb:250 - Set database path to: C:\Users\morae\.stmcufinder\plugins\mcufinder//mcu/
2023-11-25 17:22:08,422 [WARN] DbFile:41 - Overriding database path with different value: C:\Users\morae\.stmcufinder\plugins\mcufinder/ => C:\Users\morae\.stmcufinder\plugins\mcufinder
2023-11-25 17:22:08,422 [INFO] DbMcusAds:125 - Set database path to: C:\Users\morae\.stmcufinder\plugins\mcufinder//mcu/
2023-11-25 17:22:08,423 [WARN] DbFile:41 - Overriding database path with different value: C:\Users\morae\.stmcufinder\plugins\mcufinder/ => C:\Users\morae\.stmcufinder\plugins\mcufinder
2023-11-25 17:22:08,423 [WARN] DbFile:41 - Overriding database path with different value: C:\Users\morae\.stmcufinder\plugins\mcufinder/ => C:\Users\morae\.stmcufinder\plugins\mcufinder
2023-11-25 17:22:08,423 [INFO] CrossReferenceDbSqlite:203 - Set database path to: C:\Users\morae\.stmcufinder\plugins\mcufinder//mcu/cs/
2023-11-25 17:22:08,522 [INFO] MainPanel:264 - HeapMemory: 268435456
2023-11-25 17:22:08,623 [INFO] DbMcusXml:78 - Set database path to: C:\ST\STM32CubeIDE_1.7.0\STM32CubeIDE\plugins\com.st.stm32cube.common.mx_6.10.0.202311202037\\db\/mcu/
2023-11-25 17:22:08,624 [INFO] ApiDb:274 - Set plugin database path to: C:\ST\STM32CubeIDE_1.7.0\STM32CubeIDE\plugins\com.st.stm32cube.common.mx_6.10.0.202311202037\\db\/plugins/boardmanager/
2023-11-25 17:22:08,624 [INFO] ApiDb:261 - Set plugin images path to: C:\ST\STM32CubeIDE_1.7.0\STM32CubeIDE\plugins\com.st.stm32cube.common.mx_6.10.0.202311202037\\db\/plugins/mcufinder/images/
2023-11-25 17:22:08,624 [WARN] DbFile:41 - Overriding database path with different value: C:\Users\morae\.stmcufinder\plugins\mcufinder/ => C:\Users\morae\.stmcufinder\plugins\mcufinder
2023-11-25 17:22:08,624 [INFO] ApiDb:250 - Set database path to: C:\Users\morae\.stmcufinder\plugins\mcufinder//mcu/
2023-11-25 17:22:08,624 [WARN] DbFile:41 - Overriding database path with different value: C:\Users\morae\.stmcufinder\plugins\mcufinder/ => C:\Users\morae\.stmcufinder\plugins\mcufinder
2023-11-25 17:22:08,624 [INFO] DbMcusAds:125 - Set database path to: C:\Users\morae\.stmcufinder\plugins\mcufinder//mcu/
2023-11-25 17:22:08,624 [WARN] DbFile:41 - Overriding database path with different value: C:\Users\morae\.stmcufinder\plugins\mcufinder/ => C:\Users\morae\.stmcufinder\plugins\mcufinder
2023-11-25 17:22:08,625 [WARN] DbFile:41 - Overriding database path with different value: C:\Users\morae\.stmcufinder\plugins\mcufinder/ => C:\Users\morae\.stmcufinder\plugins\mcufinder
2023-11-25 17:22:08,625 [INFO] CrossReferenceDbSqlite:203 - Set database path to: C:\Users\morae\.stmcufinder\plugins\mcufinder//mcu/cs/
2023-11-25 17:22:08,647 [INFO] ApplicationProperties:184 - Using Application install path: C:\ST\STM32CubeIDE_1.7.0\STM32CubeIDE\plugins\com.st.stm32cube.common.mx_6.10.0.202311202037
2023-11-25 17:22:08,649 [INFO] PluginManage:196 - Search for loadable plugins [exclusion list=, ]
2023-11-25 17:22:08,650 [INFO] PluginManage:310 - Check plugin analytics
2023-11-25 17:22:09,050 [INFO] AnalyticsPlugin:253 - Accepted Software Licenses: 
2023-11-25 17:22:09,050 [INFO] AnalyticsPlugin:255 - Accepted CMSIS Pack Licenses: 
2023-11-25 17:22:09,051 [INFO] AnalyticsPlugin:257 - Accepted Firmware Licenses: 
2023-11-25 17:22:09,059 [INFO] PluginManage:359 - Loaded plugin analytics (category:tool,tabindex:-1)
2023-11-25 17:22:09,059 [INFO] PluginManage:310 - Check plugin cadmodel
2023-11-25 17:22:09,069 [INFO] CADModel:105 - Init CAD model plugin
2023-11-25 17:22:09,069 [INFO] PluginManage:359 - Loaded plugin cadmodel (category:power,tabindex:5)
2023-11-25 17:22:09,070 [INFO] PluginManage:310 - Check plugin clock
2023-11-25 17:22:09,080 [INFO] PluginManage:359 - Loaded plugin clock (category:base,tabindex:2)
2023-11-25 17:22:09,080 [INFO] PluginManage:310 - Check plugin ddr
2023-11-25 17:22:09,083 [INFO] PluginManage:359 - Loaded plugin ddr (category:tool,tabindex:6)
2023-11-25 17:22:09,084 [INFO] PluginManage:310 - Check plugin filemanager
2023-11-25 17:22:09,257 [INFO] PluginManage:359 - Loaded plugin filemanager (category:base,tabindex:10)
2023-11-25 17:22:09,257 [INFO] PluginManage:310 - Check plugin ipmanager
2023-11-25 17:22:09,266 [INFO] PluginManage:359 - Loaded plugin ipmanager (category:base,tabindex:5)
2023-11-25 17:22:09,266 [INFO] PluginManage:310 - Check plugin lpbam
2023-11-25 17:22:09,275 [INFO] PluginManage:359 - Loaded plugin lpbam (category:base,tabindex:0)
2023-11-25 17:22:09,276 [INFO] PluginManage:310 - Check plugin memorymap
2023-11-25 17:22:09,293 [INFO] PluginManage:359 - Loaded plugin memorymap (category:base,tabindex:4)
2023-11-25 17:22:09,293 [INFO] PluginManage:310 - Check plugin pinoutandconfiguration
2023-11-25 17:22:09,302 [INFO] PluginManage:359 - Loaded plugin pinoutandconfiguration (category:base,tabindex:1)
2023-11-25 17:22:09,303 [INFO] PluginManage:310 - Check plugin pinoutconfig
2023-11-25 17:22:09,423 [WARN] SupportedApi:132 - Cannot load RTOS API schema: s4s-elt-must-match.1: The content of 'definitions' must match (annotation?, (simpleType | complexType)?, (unique | key | keyref)*)). A problem was found starting at: attribute.
2023-11-25 17:22:09,586 [INFO] PluginManage:359 - Loaded plugin pinoutconfig (category:base,tabindex:0)
2023-11-25 17:22:09,587 [INFO] PluginManage:310 - Check plugin power
2023-11-25 17:22:09,602 [INFO] PluginManage:359 - Loaded plugin power (category:power,tabindex:4)
2023-11-25 17:22:09,602 [INFO] PluginManage:310 - Check plugin projectmanager
2023-11-25 17:22:09,629 [INFO] PluginManage:359 - Loaded plugin projectmanager (category:projectmanager,tabindex:3)
2023-11-25 17:22:09,629 [INFO] PluginManage:310 - Check plugin thirdparty
2023-11-25 17:22:09,850 [INFO] PluginManage:359 - Loaded plugin thirdparty (category:base,tabindex:-1)
2023-11-25 17:22:09,851 [INFO] PluginManage:310 - Check plugin tools
2023-11-25 17:22:09,850 [WARN] IntegrityCheckThread:84 - waiting for thirdparty lock release [integrity check]
2023-11-25 17:22:09,851 [INFO] IntegrityCheckThread:86 - entering critical section [integrity check]
2023-11-25 17:22:09,852 [INFO] ThirdPartyUpdaterWithRetryManager:70 - Updater plugin not ready yet. [1/15]
2023-11-25 17:22:09,858 [INFO] PluginManage:359 - Loaded plugin tools (category:base,tabindex:7)
2023-11-25 17:22:09,858 [INFO] PluginManage:310 - Check plugin tutovideos
2023-11-25 17:22:10,079 [INFO] PluginManage:359 - Loaded plugin tutovideos (category:base,tabindex:-1)
2023-11-25 17:22:10,079 [INFO] PluginManage:310 - Check plugin updater
2023-11-25 17:22:10,095 [INFO] PluginManage:359 - Loaded plugin updater (category:base,tabindex:12)
2023-11-25 17:22:10,095 [INFO] PluginManage:310 - Check plugin userauth
2023-11-25 17:22:10,102 [INFO] UserAuth:114 - Init User Auth plugin
2023-11-25 17:22:10,102 [INFO] PluginManage:359 - Loaded plugin userauth (category:base,tabindex:14)
2023-11-25 17:22:10,103 [INFO] PluginManage:283 - PluginManage : Loaded plugins [17]
2023-11-25 17:22:10,395 [INFO] PinOutPanel:1499 - setPackage(No Configuration,No Configuration)
2023-11-25 17:22:10,526 [INFO] CADModel:165 - CPN selected for project level
2023-11-25 17:22:10,526 [INFO] CADModel:114 - Register for checkConnection events
2023-11-25 17:22:10,545 [INFO] IPUIPlugin:80 - create IPUIPlugin
2023-11-25 17:22:10,546 [INFO] PluginManager:220 - loadIPPluginJar : add adc
2023-11-25 17:22:10,548 [INFO] IPUIPlugin:80 - create IPUIPlugin
2023-11-25 17:22:10,548 [INFO] PluginManager:220 - loadIPPluginJar : add aes
2023-11-25 17:22:10,551 [INFO] IPUIPlugin:80 - create IPUIPlugin
2023-11-25 17:22:10,552 [INFO] PluginManager:220 - loadIPPluginJar : add can
2023-11-25 17:22:10,555 [INFO] IPUIPlugin:80 - create IPUIPlugin
2023-11-25 17:22:10,555 [INFO] PluginManager:220 - loadIPPluginJar : add comp
2023-11-25 17:22:10,558 [INFO] IPUIPlugin:80 - create IPUIPlugin
2023-11-25 17:22:10,558 [INFO] PluginManager:220 - loadIPPluginJar : add cryp
2023-11-25 17:22:10,560 [INFO] IPUIPlugin:80 - create IPUIPlugin
2023-11-25 17:22:10,560 [INFO] PluginManager:220 - loadIPPluginJar : add dfsdm
2023-11-25 17:22:10,566 [INFO] IPUIPlugin:80 - create IPUIPlugin
2023-11-25 17:22:10,567 [INFO] PluginManager:220 - loadIPPluginJar : add dma
2023-11-25 17:22:10,571 [INFO] IPUIPlugin:80 - create IPUIPlugin
2023-11-25 17:22:10,572 [INFO] PluginManager:220 - loadIPPluginJar : add dma3
2023-11-25 17:22:10,575 [INFO] IPUIPlugin:80 - create IPUIPlugin
2023-11-25 17:22:10,575 [INFO] PluginManager:220 - loadIPPluginJar : add fatfs
2023-11-25 17:22:10,579 [INFO] IPUIPlugin:80 - create IPUIPlugin
2023-11-25 17:22:10,579 [INFO] PluginManager:220 - loadIPPluginJar : add fmc
2023-11-25 17:22:10,584 [INFO] IPUIPlugin:80 - create IPUIPlugin
2023-11-25 17:22:10,584 [INFO] PluginManager:220 - loadIPPluginJar : add freertos
2023-11-25 17:22:10,587 [INFO] IPUIPlugin:80 - create IPUIPlugin
2023-11-25 17:22:10,587 [INFO] PluginManager:220 - loadIPPluginJar : add genericplugin
2023-11-25 17:22:10,590 [INFO] IPUIPlugin:80 - create IPUIPlugin
2023-11-25 17:22:10,590 [INFO] PluginManager:220 - loadIPPluginJar : add gfxmmu
2023-11-25 17:22:10,596 [INFO] IPUIPlugin:80 - create IPUIPlugin
2023-11-25 17:22:10,597 [INFO] PluginManager:220 - loadIPPluginJar : add gic
2023-11-25 17:22:10,604 [INFO] IPUIPlugin:80 - create IPUIPlugin
2023-11-25 17:22:10,604 [INFO] PluginManager:220 - loadIPPluginJar : add gpio
2023-11-25 17:22:10,609 [INFO] IPUIPlugin:80 - create IPUIPlugin
2023-11-25 17:22:10,609 [INFO] PluginManager:220 - loadIPPluginJar : add gtzc
2023-11-25 17:22:10,612 [INFO] IPUIPlugin:80 - create IPUIPlugin
2023-11-25 17:22:10,612 [INFO] PluginManager:220 - loadIPPluginJar : add hash
2023-11-25 17:22:10,615 [INFO] IPUIPlugin:80 - create IPUIPlugin
2023-11-25 17:22:10,616 [INFO] PluginManager:220 - loadIPPluginJar : add i2c
2023-11-25 17:22:10,620 [INFO] IPUIPlugin:80 - create IPUIPlugin
2023-11-25 17:22:10,621 [INFO] PluginManager:220 - loadIPPluginJar : add i2s
2023-11-25 17:22:10,626 [INFO] IPUIPlugin:80 - create IPUIPlugin
2023-11-25 17:22:10,626 [INFO] PluginManager:220 - loadIPPluginJar : add i3c
2023-11-25 17:22:10,630 [INFO] IPUIPlugin:80 - create IPUIPlugin
2023-11-25 17:22:10,630 [INFO] PluginManager:220 - loadIPPluginJar : add ipddr
2023-11-25 17:22:10,643 [INFO] IPUIPlugin:80 - create IPUIPlugin
2023-11-25 17:22:10,643 [INFO] PluginManager:220 - loadIPPluginJar : add linkedlist
2023-11-25 17:22:10,646 [INFO] IPUIPlugin:80 - create IPUIPlugin
2023-11-25 17:22:10,646 [INFO] PluginManager:220 - loadIPPluginJar : add lorawan
2023-11-25 17:22:10,648 [INFO] IPUIPlugin:80 - create IPUIPlugin
2023-11-25 17:22:10,649 [INFO] PluginManager:220 - loadIPPluginJar : add ltdc
2023-11-25 17:22:10,655 [INFO] IPUIPlugin:80 - create IPUIPlugin
2023-11-25 17:22:10,655 [INFO] PluginManager:220 - loadIPPluginJar : add mdma
2023-11-25 17:22:10,658 [INFO] IPUIPlugin:80 - create IPUIPlugin
2023-11-25 17:22:10,659 [INFO] PluginManager:220 - loadIPPluginJar : add nvic
2023-11-25 17:22:10,662 [INFO] IPUIPlugin:80 - create IPUIPlugin
2023-11-25 17:22:10,662 [INFO] PluginManager:220 - loadIPPluginJar : add opamp
2023-11-25 17:22:10,665 [INFO] IPUIPlugin:80 - create IPUIPlugin
2023-11-25 17:22:10,665 [INFO] PluginManager:220 - loadIPPluginJar : add openamp
2023-11-25 17:22:10,668 [INFO] IPUIPlugin:80 - create IPUIPlugin
2023-11-25 17:22:10,668 [INFO] PluginManager:220 - loadIPPluginJar : add pdm2pcm
2023-11-25 17:22:10,674 [INFO] IPUIPlugin:80 - create IPUIPlugin
2023-11-25 17:22:10,676 [INFO] PluginManager:220 - loadIPPluginJar : add plateformsettings
2023-11-25 17:22:10,678 [INFO] IPUIPlugin:80 - create IPUIPlugin
2023-11-25 17:22:10,678 [INFO] PluginManager:220 - loadIPPluginJar : add quadspi
2023-11-25 17:22:10,681 [INFO] IPUIPlugin:80 - create IPUIPlugin
2023-11-25 17:22:10,681 [INFO] PluginManager:220 - loadIPPluginJar : add resmgrutility
2023-11-25 17:22:10,685 [INFO] IPUIPlugin:80 - create IPUIPlugin
2023-11-25 17:22:10,685 [INFO] PluginManager:220 - loadIPPluginJar : add sai
2023-11-25 17:22:10,688 [INFO] IPUIPlugin:80 - create IPUIPlugin
2023-11-25 17:22:10,688 [INFO] PluginManager:220 - loadIPPluginJar : add spi
2023-11-25 17:22:10,693 [INFO] IPUIPlugin:80 - create IPUIPlugin
2023-11-25 17:22:10,693 [INFO] PluginManager:220 - loadIPPluginJar : add stm32_wpan
2023-11-25 17:22:10,695 [INFO] IPUIPlugin:80 - create IPUIPlugin
2023-11-25 17:22:10,695 [INFO] PluginManager:220 - loadIPPluginJar : add tim
2023-11-25 17:22:10,698 [INFO] IPUIPlugin:80 - create IPUIPlugin
2023-11-25 17:22:10,698 [INFO] PluginManager:220 - loadIPPluginJar : add touchsensing
2023-11-25 17:22:10,700 [INFO] IPUIPlugin:80 - create IPUIPlugin
2023-11-25 17:22:10,700 [INFO] PluginManager:220 - loadIPPluginJar : add tracer_emb
2023-11-25 17:22:10,702 [INFO] IPUIPlugin:80 - create IPUIPlugin
2023-11-25 17:22:10,702 [INFO] PluginManager:220 - loadIPPluginJar : add ts
2023-11-25 17:22:10,704 [INFO] IPUIPlugin:80 - create IPUIPlugin
2023-11-25 17:22:10,704 [INFO] PluginManager:220 - loadIPPluginJar : add tsc
2023-11-25 17:22:10,706 [INFO] IPUIPlugin:80 - create IPUIPlugin
2023-11-25 17:22:10,706 [INFO] PluginManager:220 - loadIPPluginJar : add ucpd
2023-11-25 17:22:10,709 [INFO] IPUIPlugin:80 - create IPUIPlugin
2023-11-25 17:22:10,709 [INFO] PluginManager:220 - loadIPPluginJar : add usart
2023-11-25 17:22:10,712 [INFO] IPUIPlugin:80 - create IPUIPlugin
2023-11-25 17:22:10,712 [INFO] PluginManager:220 - loadIPPluginJar : add usbx
2023-11-25 17:22:10,860 [INFO] CADModel:165 - CPN selected for project level
2023-11-25 17:22:10,860 [INFO] CADModel:114 - Register for checkConnection events
2023-11-25 17:22:10,861 [FATAL] Updater:308 - Updater called before beeing initialized
2023-11-25 17:22:10,861 [ERROR] CADModel:125 - Updater not yet initialized, retry later 
2023-11-25 17:22:11,070 [INFO] CADModel:165 - CPN selected for project level
2023-11-25 17:22:11,070 [INFO] CADModel:114 - Register for checkConnection events
2023-11-25 17:22:11,070 [FATAL] Updater:308 - Updater called before beeing initialized
2023-11-25 17:22:11,070 [ERROR] CADModel:125 - Updater not yet initialized, retry later 
2023-11-25 17:22:11,074 [FATAL] Updater:308 - Updater called before beeing initialized
2023-11-25 17:22:11,240 [FATAL] Updater:308 - Updater called before beeing initialized
2023-11-25 17:22:11,244 [INFO] DbMcusAds:53 - JSON generation date=Tue Mar 07 09:50:55 CET 2023 (1678179055335)
2023-11-25 17:22:11,244 [FATAL] Updater:308 - Updater called before beeing initialized
2023-11-25 17:22:11,291 [WARN] DetailPanel:346 - Failed to get advertising image, set to default
2023-11-25 17:22:11,390 [FATAL] Updater:308 - Updater called before beeing initialized
2023-11-25 17:22:11,392 [FATAL] Updater:308 - Updater called before beeing initialized
2023-11-25 17:22:11,392 [FATAL] Updater:308 - Updater called before beeing initialized
2023-11-25 17:22:11,393 [WARN] DetailPanel:346 - Failed to get advertising image, set to default
2023-11-25 17:22:11,393 [FATAL] Updater:308 - Updater called before beeing initialized
2023-11-25 17:22:11,460 [ERROR] Updater:1120 - MainUpdater not yet initialized. External WinMGr cannot be set.
2023-11-25 17:22:11,463 [INFO] Updater:1056 - Updater Version found : 6.10.0
2023-11-25 17:22:11,489 [INFO] ApplicationProperties:184 - Using Application install path: C:\ST\STM32CubeIDE_1.7.0\STM32CubeIDE\plugins\com.st.stm32cube.common.mx_6.10.0.202311202037
2023-11-25 17:22:12,855 [INFO] ThirdPartyUpdaterWithRetryManager:70 - Updater plugin not ready yet. [2/15]
2023-11-25 17:22:13,257 [ERROR] ExternalUserPreferencesManager:606 - Error while get path from external application: Cannot invoke "com.st.stm32cube.common.mx.MxActivator.getBundle()" because the return value of "com.st.stm32cube.common.mx.MxActivator.getDefault()" is null
2023-11-25 17:22:13,258 [ERROR] ExternalUserPreferencesManager:336 - Error while get preference info from external application: Cannot invoke "com.st.stm32cube.common.mx.MxActivator.getBundle()" because the return value of "com.st.stm32cube.common.mx.MxActivator.getDefault()" is null
2023-11-25 17:22:13,258 [ERROR] ExternalUserPreferencesManager:560 - Error while get preference info from external application: Cannot invoke "com.st.stm32cube.common.mx.MxActivator.getBundle()" because the return value of "com.st.stm32cube.common.mx.MxActivator.getDefault()" is null
2023-11-25 17:22:13,344 [ERROR] CheckConnectionManager:302 - Problem during Server Connection : Module has been uninstalled. osgi.identity; type="osgi.bundle"; version:Version="6.10.0.202311202037"; osgi.identity="com.st.stm32cube.common.mx"; singleton:="true" [id=412]
